TN:
SF:src/auth/controllers/login.controller.ts
FN:6,controladorLogin
FNF:1
FNH:1
FNDA:4,controladorLogin
DA:1,1
DA:2,1
DA:3,1
DA:4,1
DA:6,1
DA:7,4
DA:8,4
DA:9,4
DA:11,4
DA:12,1
DA:18,3
DA:19,3
DA:26,1
DA:38,1
DA:46,1
DA:49,2
DA:50,2
LF:17
LH:17
BRDA:11,0,0,1
BRDA:11,0,1,3
BRDA:49,1,0,2
BRDA:49,1,1,0
BRF:4
BRH:3
end_of_record
TN:
SF:src/auth/controllers/logout.controller.ts
FN:5,controladorLogout
FNF:1
FNH:1
FNDA:3,controladorLogout
DA:1,1
DA:2,1
DA:3,1
DA:5,1
DA:6,3
DA:7,3
DA:8,3
DA:9,2
DA:10,2
DA:13,2
DA:17,2
DA:23,2
DA:25,1
DA:26,1
LF:14
LH:14
BRDA:7,0,0,0
BRDA:7,0,1,3
BRDA:7,1,0,3
BRDA:7,1,1,3
BRDA:8,2,0,2
BRDA:8,2,1,1
BRF:6
BRH:5
end_of_record
TN:
SF:src/auth/controllers/nueva-contrasena.controller.ts
FN:6,controladorNuevaContrasena
FNF:1
FNH:1
FNDA:3,controladorNuevaContrasena
DA:1,1
DA:2,1
DA:3,1
DA:4,1
DA:6,1
DA:7,3
DA:8,3
DA:10,3
DA:11,1
DA:17,2
DA:18,2
DA:19,1
DA:26,1
DA:27,1
DA:35,0
DA:41,1
DA:42,1
LF:17
LH:16
BRDA:10,0,0,1
BRDA:10,0,1,2
BRDA:18,1,0,1
BRDA:18,1,1,1
BRDA:41,2,0,1
BRDA:41,2,1,0
BRF:6
BRH:5
end_of_record
TN:
SF:src/auth/controllers/recuperar.controller.ts
FN:6,controladorRecuperarContrasena
FNF:1
FNH:1
FNDA:2,controladorRecuperarContrasena
DA:1,1
DA:2,1
DA:3,1
DA:4,1
DA:6,1
DA:7,2
DA:8,2
DA:9,2
DA:11,2
DA:12,1
DA:18,1
DA:19,1
DA:25,1
DA:34,0
DA:35,0
LF:15
LH:13
BRDA:11,0,0,1
BRDA:11,0,1,1
BRF:2
BRH:2
end_of_record
TN:
SF:src/auth/controllers/refresh.controller.ts
FN:5,controladorRefresh
FNF:1
FNH:1
FNDA:3,controladorRefresh
DA:1,1
DA:2,1
DA:3,1
DA:5,1
DA:6,3
DA:7,3
DA:9,3
DA:10,1
DA:16,2
DA:17,2
DA:19,1
DA:24,1
DA:32,1
DA:34,1
DA:35,1
LF:15
LH:15
BRDA:7,0,0,0
BRDA:7,0,1,3
BRDA:7,1,0,3
BRDA:7,1,1,3
BRDA:9,2,0,1
BRDA:9,2,1,2
BRF:6
BRH:5
end_of_record
TN:
SF:src/auth/controllers/registro.controller.ts
FN:6,controladorRegistro
FNF:1
FNH:1
FNDA:3,controladorRegistro
DA:1,1
DA:2,1
DA:3,1
DA:4,1
DA:6,1
DA:7,3
DA:8,3
DA:9,3
DA:11,3
DA:12,1
DA:18,2
DA:19,2
DA:21,1
DA:33,1
DA:41,1
DA:44,1
DA:45,1
LF:17
LH:17
BRDA:11,0,0,1
BRDA:11,0,1,2
BRDA:44,1,0,1
BRDA:44,1,1,0
BRF:4
BRH:3
end_of_record
TN:
SF:src/auth/controllers/usuarios.controller.ts
FN:5,controladorBuscarUsuario
FNF:1
FNH:1
FNDA:5,controladorBuscarUsuario
DA:1,1
DA:2,1
DA:3,1
DA:5,1
DA:6,5
DA:7,5
DA:8,5
DA:9,1
DA:15,4
DA:16,4
DA:18,3
DA:19,3
DA:21,3
DA:22,1
DA:28,2
DA:29,2
DA:31,2
DA:32,1
DA:38,1
DA:53,1
DA:56,1
LF:21
LH:21
BRDA:8,0,0,1
BRDA:8,0,1,4
BRDA:8,1,0,1
BRDA:8,1,1,4
BRDA:8,2,0,5
BRDA:8,2,1,4
BRDA:21,3,0,1
BRDA:21,3,1,2
BRDA:31,4,0,1
BRDA:31,4,1,1
BRDA:53,5,0,1
BRDA:53,5,1,1
BRDA:53,5,2,0
BRDA:59,6,0,1
BRDA:59,6,1,0
BRDA:63,7,0,1
BRDA:63,7,1,0
BRF:17
BRH:14
end_of_record
TN:
SF:src/auth/services/contraseña.ts
FN:8,hashearContrasena
FN:12,verificarContrasena
FNF:2
FNH:2
FNDA:1,hashearContrasena
FNDA:1,verificarContrasena
DA:4,1
DA:6,1
DA:8,1
DA:9,1
DA:12,1
DA:16,1
LF:6
LH:6
BRF:0
BRH:0
end_of_record
TN:
SF:src/auth/services/jwt.ts
FN:8,getEnvOrThrow
FN:27,generarTokens
FN:33,verificarAccessToken
FN:37,verificarRefreshToken
FNF:4
FNH:4
FNDA:8,getEnvOrThrow
FNDA:7,generarTokens
FNDA:26,verificarAccessToken
FNDA:2,verificarRefreshToken
DA:6,4
DA:9,8
DA:10,8
DA:11,8
DA:14,4
DA:15,4
DA:27,4
DA:28,7
DA:29,7
DA:30,7
DA:33,4
DA:34,26
DA:37,4
DA:38,2
LF:14
LH:14
BRDA:10,0,0,0
BRDA:10,0,1,8
BRF:2
BRH:1
end_of_record
TN:
SF:src/auth/services/login.service.ts
FN:8,procesarLogin
FNF:1
FNH:1
FNDA:3,procesarLogin
DA:1,1
DA:2,1
DA:6,1
DA:8,1
DA:14,3
DA:16,2
DA:17,1
DA:20,1
DA:24,1
DA:25,0
DA:28,1
DA:33,1
DA:34,1
DA:36,1
DA:42,1
LF:15
LH:14
BRDA:16,0,0,1
BRDA:16,0,1,1
BRDA:16,1,0,2
BRDA:16,1,1,1
BRDA:24,2,0,0
BRDA:24,2,1,1
BRF:6
BRH:5
end_of_record
TN:
SF:src/auth/services/logout.service.ts
FN:3,terminarSesion
FNF:1
FNH:1
FNDA:2,terminarSesion
DA:3,1
DA:7,2
LF:2
LH:2
BRF:0
BRH:0
end_of_record
TN:
SF:src/auth/services/nueva-contrasena.service.ts
FN:6,cambiarContrasenaConToken
FNF:1
FNH:1
FNDA:1,cambiarContrasenaConToken
DA:1,1
DA:6,1
DA:13,1
DA:14,1
DA:16,0
DA:18,0
DA:19,0
DA:20,0
LF:8
LH:4
BRDA:14,0,0,1
BRDA:14,0,1,0
BRF:2
BRH:1
end_of_record
TN:
SF:src/auth/services/recuperar.service.ts
FN:5,iniciarRecuperacion
FNF:1
FNH:1
FNDA:1,iniciarRecuperacion
DA:1,1
DA:5,1
DA:10,1
DA:11,1
DA:13,1
DA:15,1
DA:16,1
DA:18,1
DA:20,1
DA:21,0
LF:10
LH:9
BRDA:11,0,0,0
BRDA:11,0,1,1
BRDA:20,1,0,0
BRDA:20,1,1,1
BRF:4
BRH:2
end_of_record
TN:
SF:src/auth/services/refresh.service.ts
FN:4,refrescarToken
FNF:1
FNH:1
FNDA:2,refrescarToken
DA:1,1
DA:4,1
DA:8,2
DA:10,2
DA:11,2
DA:13,1
DA:17,1
DA:19,1
LF:8
LH:8
BRDA:11,0,0,1
BRDA:11,0,1,1
BRF:2
BRH:2
end_of_record
TN:
SF:src/auth/services/registro.service.ts
FN:8,crearNuevoUsuario
FNF:1
FNH:1
FNDA:2,crearNuevoUsuario
DA:1,1
DA:2,1
DA:6,1
DA:8,1
DA:13,2
DA:14,2
DA:16,1
DA:18,1
DA:25,1
DA:30,1
DA:31,1
DA:33,1
DA:39,1
LF:13
LH:13
BRDA:14,0,0,1
BRDA:14,0,1,1
BRF:2
BRH:2
end_of_record
TN:
SF:src/auth/validaciones/autenticacion.ts
FN:14,validarCorreo
FN:20,validarContrasena
FN:28,validarNombre
FN:35,validarInicioSesion
FN:48,validarRegistro
FN:71,validarRecuperacion
FNF:6
FNH:6
FNDA:9,validarCorreo
FNDA:9,validarContrasena
FNDA:3,validarNombre
FNDA:4,validarInicioSesion
FNDA:3,validarRegistro
FNDA:2,validarRecuperacion
DA:11,1
DA:12,1
DA:14,1
DA:15,9
DA:16,6
DA:17,6
DA:20,1
DA:21,9
DA:22,7
DA:23,1
DA:25,6
DA:28,1
DA:29,3
DA:30,2
DA:31,0
DA:32,2
DA:35,1
DA:36,4
DA:38,4
DA:39,4
DA:41,4
DA:42,4
DA:43,1
DA:45,4
DA:48,1
DA:49,3
DA:51,3
DA:52,3
DA:54,3
DA:55,3
DA:57,3
DA:58,3
DA:59,1
DA:61,3
DA:62,0
DA:68,3
DA:71,1
DA:72,2
DA:74,2
DA:75,2
DA:77,2
LF:41
LH:39
BRDA:15,0,0,3
BRDA:15,0,1,6
BRDA:16,1,0,0
BRDA:16,1,1,6
BRDA:21,2,0,2
BRDA:21,2,1,7
BRDA:22,3,0,1
BRDA:22,3,1,6
BRDA:29,4,0,1
BRDA:29,4,1,2
BRDA:30,5,0,0
BRDA:30,5,1,2
BRDA:39,6,0,1
BRDA:39,6,1,3
BRDA:42,7,0,1
BRDA:42,7,1,3
BRDA:52,8,0,1
BRDA:52,8,1,2
BRDA:55,9,0,1
BRDA:55,9,1,2
BRDA:58,10,0,1
BRDA:58,10,1,2
BRDA:61,11,0,0
BRDA:61,11,1,3
BRDA:75,12,0,1
BRDA:75,12,1,1
BRF:26
BRH:23
end_of_record
TN:
SF:src/deudas/controllers/deudas.controller.ts
FN:6,controladorDeudas
FNF:1
FNH:1
FNDA:5,controladorDeudas
DA:1,1
DA:2,1
DA:3,1
DA:4,1
DA:6,1
DA:7,5
DA:8,5
DA:10,5
DA:11,1
DA:17,4
DA:18,4
DA:19,3
DA:21,3
DA:22,3
DA:28,3
DA:34,1
DA:35,1
LF:17
LH:17
BRDA:10,0,0,1
BRDA:10,0,1,4
BRDA:10,1,0,5
BRDA:10,1,1,4
BRDA:19,2,0,3
BRDA:19,2,1,2
BRDA:34,3,0,1
BRDA:34,3,1,0
BRF:8
BRH:7
end_of_record
TN:
SF:src/deudas/services/deudas.service.ts
FN:4,obtenerDeudasPendientes
FNF:1
FNH:1
FNDA:3,obtenerDeudasPendientes
DA:4,1
DA:9,3
DA:11,3
DA:12,3
DA:14,3
DA:15,2
DA:23,2
DA:24,1
DA:26,1
DA:30,3
LF:10
LH:10
BRDA:19,0,0,1
BRDA:19,0,1,1
BRDA:23,1,0,1
BRDA:23,1,1,1
BRF:4
BRH:4
end_of_record
TN:
SF:src/gastos/controllers/gasto.controller.ts
FN:13,extraerPayload
FN:35,controladorCrearGasto
FN:79,controladorObtenerGastos
FN:95,controladorObtenerOpciones
FNF:4
FNH:4
FNDA:9,extraerPayload
FNDA:4,controladorCrearGasto
FNDA:3,controladorObtenerGastos
FNDA:2,controladorObtenerOpciones
DA:1,1
DA:2,1
DA:7,1
DA:8,1
DA:9,1
DA:10,1
DA:11,1
DA:14,9
DA:15,9
DA:16,2
DA:23,7
DA:24,7
DA:26,0
DA:35,1
DA:36,4
DA:37,4
DA:38,4
DA:40,3
DA:41,3
DA:43,3
DA:44,1
DA:50,2
DA:51,2
DA:64,1
DA:74,1
DA:75,1
DA:79,1
DA:80,3
DA:81,3
DA:82,3
DA:84,2
DA:85,2
DA:87,1
DA:90,1
DA:91,1
DA:95,1
DA:96,2
DA:97,2
DA:98,2
DA:100,2
DA:101,2
DA:106,1
DA:109,1
DA:110,1
LF:44
LH:43
BRDA:15,0,0,2
BRDA:15,0,1,7
BRDA:15,1,0,2
BRDA:15,1,1,7
BRDA:15,2,0,9
BRDA:15,2,1,7
BRDA:38,3,0,1
BRDA:38,3,1,3
BRDA:43,4,0,1
BRDA:43,4,1,2
BRDA:54,5,0,2
BRDA:54,5,1,2
BRDA:55,6,0,2
BRDA:55,6,1,2
BRDA:74,7,0,1
BRDA:74,7,1,0
BRDA:82,8,0,1
BRDA:82,8,1,2
BRDA:90,9,0,1
BRDA:90,9,1,0
BRDA:98,10,0,0
BRDA:98,10,1,2
BRDA:109,11,0,1
BRDA:109,11,1,0
BRF:24
BRH:20
end_of_record
TN:
SF:src/gastos/services/gasto.service.ts
FN:8,registrarGasto
FN:16,(anonymous_1)
FN:39,(anonymous_2)
FN:56,(anonymous_3)
FN:59,(anonymous_4)
FN:60,(anonymous_5)
FN:67,(anonymous_6)
FN:68,(anonymous_7)
FN:86,obtenerGastos
FN:90,obtenerOpcionesFormulario
FN:95,(anonymous_10)
FN:100,(anonymous_11)
FN:103,(anonymous_12)
FNF:13
FNH:13
FNDA:2,registrarGasto
FNDA:2,(anonymous_1)
FNDA:1,(anonymous_2)
FNDA:1,(anonymous_3)
FNDA:2,(anonymous_4)
FNDA:2,(anonymous_5)
FNDA:1,(anonymous_6)
FNDA:1,(anonymous_7)
FNDA:2,obtenerGastos
FNDA:2,obtenerOpcionesFormulario
FNDA:1,(anonymous_10)
FNDA:1,(anonymous_11)
FNDA:1,(anonymous_12)
DA:1,1
DA:8,1
DA:16,2
DA:17,2
DA:18,2
DA:19,0
DA:22,2
DA:24,2
DA:37,1
DA:38,1
DA:39,1
DA:50,1
DA:51,1
DA:52,1
DA:54,1
DA:55,1
DA:56,1
DA:58,1
DA:59,2
DA:60,2
DA:62,1
DA:63,1
DA:65,1
DA:67,1
DA:68,1
DA:77,1
DA:82,1
DA:86,1
DA:87,2
DA:90,1
DA:94,2
DA:95,1
DA:100,1
DA:101,1
DA:102,1
DA:103,1
DA:105,1
LF:37
LH:36
BRDA:18,0,0,0
BRDA:18,0,1,2
BRDA:18,1,0,2
BRDA:18,1,1,2
BRDA:22,2,0,2
BRDA:22,2,1,0
BRDA:28,3,0,2
BRDA:28,3,1,0
BRDA:28,4,0,2
BRDA:28,4,1,2
BRDA:30,5,0,2
BRDA:30,5,1,0
BRDA:30,6,0,2
BRDA:30,6,1,2
BRDA:31,7,0,2
BRDA:31,7,1,0
BRDA:31,8,0,2
BRDA:31,8,1,2
BRDA:32,9,0,0
BRDA:32,9,1,2
BRDA:32,10,0,2
BRDA:32,10,1,2
BRDA:37,11,0,1
BRDA:37,11,1,0
BRDA:37,12,0,1
BRDA:37,12,1,1
BRDA:44,13,0,1
BRDA:44,13,1,1
BRDA:50,14,0,1
BRDA:50,14,1,0
BRDA:50,15,0,1
BRDA:50,15,1,1
BRDA:54,16,0,1
BRDA:54,16,1,0
BRDA:62,17,0,1
BRDA:62,17,1,0
BRF:36
BRH:26
end_of_record
TN:
SF:src/gastos/validaciones/gasto.ts
FN:10,validarMonto
FN:16,validarDescripcion
FN:27,validarCategoria
FN:42,validarGrupo
FN:50,validarGasto
FN:78,(anonymous_5)
FN:97,(anonymous_6)
FN:101,(anonymous_7)
FN:126,(anonymous_8)
FN:130,(anonymous_9)
FNF:10
FNH:9
FNDA:3,validarMonto
FNDA:3,validarDescripcion
FNDA:3,validarCategoria
FNDA:3,validarGrupo
FNDA:3,validarGasto
FNDA:2,(anonymous_5)
FNDA:2,(anonymous_6)
FNDA:2,(anonymous_7)
FNDA:2,(anonymous_8)
FNDA:0,(anonymous_9)
DA:3,1
DA:10,1
DA:11,3
DA:12,2
DA:13,2
DA:16,1
DA:19,3
DA:20,2
DA:21,0
DA:22,2
DA:23,0
DA:24,2
DA:27,1
DA:30,3
DA:37,3
DA:38,2
DA:39,2
DA:42,1
DA:45,3
DA:46,1
DA:47,2
DA:50,1
DA:51,3
DA:53,3
DA:54,3
DA:56,3
DA:57,3
DA:58,0
DA:60,3
DA:61,3
DA:62,0
DA:64,3
DA:65,3
DA:68,3
DA:69,3
DA:72,3
DA:77,3
DA:78,2
DA:79,2
DA:80,0
DA:85,2
DA:86,0
DA:93,2
DA:94,2
DA:96,2
DA:97,2
DA:99,2
DA:100,2
DA:101,2
DA:104,2
DA:105,0
DA:106,0
DA:110,0
DA:114,0
DA:125,2
DA:126,2
DA:128,2
DA:129,0
DA:130,0
DA:133,0
DA:134,0
DA:143,3
LF:62
LH:48
BRDA:11,0,0,1
BRDA:11,0,1,2
BRDA:11,1,0,3
BRDA:11,1,1,2
BRDA:11,1,2,2
BRDA:12,2,0,0
BRDA:12,2,1,2
BRDA:19,3,0,1
BRDA:19,3,1,2
BRDA:20,4,0,0
BRDA:20,4,1,2
BRDA:22,5,0,0
BRDA:22,5,1,2
BRDA:37,6,0,1
BRDA:37,6,1,2
BRDA:38,7,0,0
BRDA:38,7,1,2
BRDA:45,8,0,1
BRDA:45,8,1,2
BRDA:45,9,0,3
BRDA:45,9,1,2
BRDA:54,10,0,0
BRDA:54,10,1,3
BRDA:57,11,0,0
BRDA:57,11,1,3
BRDA:61,12,0,0
BRDA:61,12,1,3
BRDA:65,13,0,1
BRDA:65,13,1,2
BRDA:68,14,0,0
BRDA:68,14,1,3
BRDA:68,15,0,3
BRDA:68,15,1,0
BRDA:69,16,0,0
BRDA:69,16,1,3
BRDA:72,17,0,0
BRDA:72,17,1,3
BRDA:72,18,0,3
BRDA:72,18,1,0
BRDA:77,19,0,2
BRDA:77,19,1,1
BRDA:77,20,0,3
BRDA:77,20,1,2
BRDA:79,21,0,0
BRDA:79,21,1,2
BRDA:85,22,0,0
BRDA:85,22,1,2
BRDA:93,23,0,2
BRDA:93,23,1,0
BRDA:93,24,0,2
BRDA:93,24,1,2
BRDA:94,25,0,2
BRDA:94,25,1,0
BRDA:99,26,0,2
BRDA:99,26,1,0
BRDA:104,27,0,0
BRDA:104,27,1,2
BRDA:105,28,0,0
BRDA:105,28,1,0
BRDA:117,29,0,0
BRDA:117,29,1,0
BRDA:128,30,0,0
BRDA:128,30,1,2
BRDA:133,31,0,0
BRDA:133,31,1,0
BRF:65
BRH:40
end_of_record
TN:
SF:src/grupos/controllers/grupos.controller.ts
FN:12,extraerToken
FN:18,extraerPayload
FN:39,controladorCrearGrupo
FN:91,controladorObtenerGrupos
FN:113,controladorObtenerDetalleGrupo
FNF:5
FNH:5
FNDA:12,extraerToken
FNDA:12,extraerPayload
FNDA:6,controladorCrearGrupo
FNDA:2,controladorObtenerGrupos
FNDA:4,controladorObtenerDetalleGrupo
DA:1,1
DA:2,1
DA:7,1
DA:8,1
DA:9,1
DA:10,1
DA:13,12
DA:14,12
DA:15,11
DA:19,12
DA:20,12
DA:21,1
DA:27,11
DA:28,11
DA:30,1
DA:39,1
DA:40,6
DA:41,6
DA:42,6
DA:44,4
DA:45,4
DA:46,4
DA:48,4
DA:49,1
DA:55,3
DA:56,3
DA:64,1
DA:74,2
DA:77,2
DA:91,1
DA:92,2
DA:93,2
DA:94,2
DA:96,2
DA:97,2
DA:102,1
DA:108,1
DA:109,1
DA:113,1
DA:117,4
DA:118,4
DA:119,4
DA:121,4
DA:122,4
DA:124,2
DA:130,2
DA:133,2
LF:47
LH:47
BRDA:14,0,0,1
BRDA:14,0,1,11
BRDA:14,1,0,1
BRDA:14,1,1,11
BRDA:14,2,0,12
BRDA:14,2,1,11
BRDA:20,3,0,1
BRDA:20,3,1,11
BRDA:42,4,0,2
BRDA:42,4,1,4
BRDA:48,5,0,1
BRDA:48,5,1,3
BRDA:74,6,0,2
BRDA:74,6,1,2
BRDA:74,6,2,2
BRDA:80,7,0,0
BRDA:80,7,1,2
BRDA:82,8,0,2
BRDA:82,8,1,0
BRDA:86,9,0,0
BRDA:86,9,1,2
BRDA:94,10,0,0
BRDA:94,10,1,2
BRDA:108,11,0,1
BRDA:108,11,1,0
BRDA:119,12,0,0
BRDA:119,12,1,4
BRDA:130,13,0,2
BRDA:130,13,1,0
BRDA:135,14,0,1
BRDA:135,14,1,1
BRF:31
BRH:24
end_of_record
TN:
SF:src/grupos/services/grupos.service.ts
FN:10,crearGrupoViaje
FN:22,(anonymous_1)
FN:44,(anonymous_2)
FN:50,(anonymous_3)
FN:63,obtenerGruposDelUsuario
FN:69,(anonymous_5)
FN:81,calcularTotalEnBase
FN:87,(anonymous_7)
FN:88,(anonymous_8)
FN:94,(anonymous_9)
FN:105,(anonymous_10)
FN:115,obtenerDetalleGrupo
FNF:12
FNH:12
FNDA:3,crearGrupoViaje
FNDA:3,(anonymous_1)
FNDA:1,(anonymous_2)
FNDA:1,(anonymous_3)
FNDA:2,obtenerGruposDelUsuario
FNDA:1,(anonymous_5)
FNDA:2,calcularTotalEnBase
FNDA:3,(anonymous_7)
FNDA:2,(anonymous_8)
FNDA:2,(anonymous_9)
FNDA:3,(anonymous_10)
FNDA:4,obtenerDetalleGrupo
DA:7,1
DA:8,1
DA:10,1
DA:17,3
DA:18,3
DA:19,0
DA:22,3
DA:23,3
DA:26,2
DA:27,1
DA:32,1
DA:43,1
DA:44,1
DA:47,1
DA:50,1
DA:59,1
DA:63,1
DA:67,2
DA:69,1
DA:85,2
DA:87,3
DA:88,2
DA:91,2
DA:93,2
DA:95,2
DA:96,2
DA:97,2
DA:98,2
DA:100,0
DA:105,2
DA:106,3
DA:107,3
DA:108,1
DA:110,2
DA:111,2
DA:115,1
DA:119,4
DA:120,3
DA:122,2
DA:124,2
LF:40
LH:38
BRDA:18,0,0,0
BRDA:18,0,1,3
BRDA:26,1,0,1
BRDA:26,1,1,1
BRDA:38,2,0,1
BRDA:38,2,1,1
BRDA:87,3,0,3
BRDA:87,3,1,3
BRDA:107,4,0,1
BRDA:107,4,1,2
BRDA:107,5,0,3
BRDA:107,5,1,2
BRDA:110,6,0,2
BRDA:110,6,1,0
BRDA:110,7,0,2
BRDA:110,7,1,2
BRDA:120,8,0,1
BRDA:120,8,1,2
BRF:18
BRH:16
end_of_record
TN:
SF:src/grupos/validaciones/grupos.ts
FN:3,validarCreacionGrupo
FNF:1
FNH:1
FNDA:4,validarCreacionGrupo
DA:3,1
DA:4,4
DA:6,4
DA:7,1
DA:11,4
DA:12,1
DA:13,4
DA:14,1
DA:18,4
DA:19,1
DA:23,4
DA:24,0
DA:30,4
DA:31,1
DA:35,3
DA:36,0
DA:42,4
DA:43,3
DA:44,3
DA:45,3
DA:46,0
DA:53,4
LF:22
LH:19
BRDA:6,0,0,1
BRDA:6,0,1,3
BRDA:6,1,0,0
BRDA:6,1,1,4
BRDA:6,2,0,4
BRDA:6,2,1,4
BRDA:11,3,0,1
BRDA:11,3,1,3
BRDA:11,4,0,1
BRDA:11,4,1,3
BRDA:11,5,0,4
BRDA:11,5,1,4
BRDA:13,6,0,1
BRDA:13,6,1,3
BRDA:18,7,0,1
BRDA:18,7,1,3
BRDA:23,8,0,0
BRDA:23,8,1,4
BRDA:23,9,0,0
BRDA:23,9,1,4
BRDA:23,10,0,4
BRDA:23,10,1,4
BRDA:30,11,0,1
BRDA:30,11,1,3
BRDA:30,12,0,4
BRDA:30,12,1,4
BRDA:35,13,0,0
BRDA:35,13,1,3
BRDA:42,14,0,3
BRDA:42,14,1,1
BRDA:42,15,0,4
BRDA:42,15,1,3
BRDA:45,16,0,0
BRDA:45,16,1,3
BRF:34
BRH:29
end_of_record
