TN:
SF:src/auth/repositories/PrismaSesionRepository.ts
FN:6,(anonymous_0)
FN:9,(anonymous_1)
FN:14,(anonymous_2)
FN:20,(anonymous_3)
FN:23,(anonymous_4)
FNF:5
FNH:5
FNDA:1,(anonymous_0)
FNDA:2,(anonymous_1)
FNDA:1,(anonymous_2)
FNDA:1,(anonymous_3)
FNDA:1,(anonymous_4)
DA:1,2
DA:5,2
DA:7,1
DA:10,2
DA:15,1
DA:21,1
DA:24,1
LF:7
LH:7
BRF:0
BRH:0
end_of_record
TN:
SF:src/auth/repositories/PrismaTokenRecuperacionRepository.ts
FN:9,(anonymous_0)
FN:15,(anonymous_1)
FN:18,(anonymous_2)
FN:23,(anonymous_3)
FNF:4
FNH:4
FNDA:1,(anonymous_0)
FNDA:1,(anonymous_1)
FNDA:2,(anonymous_2)
FNDA:1,(anonymous_3)
DA:1,2
DA:8,2
DA:10,1
DA:16,1
DA:19,2
DA:24,1
LF:6
LH:6
BRF:0
BRH:0
end_of_record
TN:
SF:src/auth/repositories/PrismaUsuarioRepository.ts
FN:9,(anonymous_0)
FN:12,(anonymous_1)
FN:15,(anonymous_2)
FN:23,(anonymous_3)
FN:31,(anonymous_4)
FN:34,(anonymous_5)
FNF:6
FNH:6
FNDA:2,(anonymous_0)
FNDA:2,(anonymous_1)
FNDA:1,(anonymous_2)
FNDA:1,(anonymous_3)
FNDA:1,(anonymous_4)
FNDA:1,(anonymous_5)
DA:1,2
DA:8,2
DA:10,2
DA:13,2
DA:19,1
DA:26,1
DA:32,1
DA:35,1
LF:8
LH:8
BRF:0
BRH:0
end_of_record
TN:
SF:src/auth/services/contraseña.ts
FN:8,hashearContrasena
FN:12,verificarContrasena
FNF:2
FNH:2
FNDA:5,hashearContrasena
FNDA:2,verificarContrasena
DA:4,1
DA:6,1
DA:8,1
DA:9,5
DA:12,1
DA:16,2
LF:6
LH:6
BRF:0
BRH:0
end_of_record
TN:
SF:src/auth/services/jwt.ts
FN:8,getEnvOrThrow
FN:27,generarTokens
FN:33,verificarAccessToken
FN:37,verificarRefreshToken
FNF:4
FNH:4
FNDA:2,getEnvOrThrow
FNDA:4,generarTokens
FNDA:2,verificarAccessToken
FNDA:2,verificarRefreshToken
DA:6,1
DA:9,2
DA:10,2
DA:11,2
DA:14,1
DA:15,1
DA:27,1
DA:28,4
DA:29,4
DA:30,4
DA:33,1
DA:34,2
DA:37,1
DA:38,2
LF:14
LH:14
BRDA:10,0,0,0
BRDA:10,0,1,2
BRF:2
BRH:1
end_of_record
TN:
SF:src/auth/validaciones/autenticacion.ts
FN:14,validarCorreo
FN:20,validarContrasena
FN:28,validarNombre
FN:35,validarInicioSesion
FN:48,validarRegistro
FN:71,validarRecuperacion
FNF:6
FNH:6
FNDA:9,validarCorreo
FNDA:7,validarContrasena
FNDA:5,validarNombre
FNDA:2,validarInicioSesion
FNDA:2,validarRegistro
FNDA:2,validarRecuperacion
DA:11,1
DA:12,1
DA:14,1
DA:15,9
DA:16,6
DA:17,5
DA:20,1
DA:21,7
DA:22,5
DA:23,1
DA:25,4
DA:28,1
DA:29,5
DA:30,4
DA:31,1
DA:32,3
DA:35,1
DA:36,2
DA:38,2
DA:39,2
DA:41,2
DA:42,2
DA:43,1
DA:45,2
DA:48,1
DA:49,2
DA:51,2
DA:52,2
DA:54,2
DA:55,2
DA:57,2
DA:58,2
DA:59,0
DA:61,2
DA:62,1
DA:68,2
DA:71,1
DA:72,2
DA:74,2
DA:75,2
DA:77,2
LF:41
LH:40
BRDA:15,0,0,3
BRDA:15,0,1,6
BRDA:16,1,0,1
BRDA:16,1,1,5
BRDA:21,2,0,2
BRDA:21,2,1,5
BRDA:22,3,0,1
BRDA:22,3,1,4
BRDA:29,4,0,1
BRDA:29,4,1,4
BRDA:30,5,0,1
BRDA:30,5,1,3
BRDA:39,6,0,1
BRDA:39,6,1,1
BRDA:42,7,0,1
BRDA:42,7,1,1
BRDA:52,8,0,0
BRDA:52,8,1,2
BRDA:55,9,0,0
BRDA:55,9,1,2
BRDA:58,10,0,0
BRDA:58,10,1,2
BRDA:61,11,0,1
BRDA:61,11,1,1
BRDA:75,12,0,1
BRDA:75,12,1,1
BRF:26
BRH:23
end_of_record
TN:
SF:src/auth/validaciones/servicioAuth.ts
FN:14,manejarRespuesta
FN:22,registrar
FN:33,iniciarSesion
FN:47,cerrarSesion
FN:54,recuperarContrasena
FN:65,cambiarContrasena
FNF:6
FNH:6
FNDA:6,manejarRespuesta
FNDA:1,registrar
FNDA:3,iniciarSesion
FNDA:1,cerrarSesion
FNDA:1,recuperarContrasena
FNDA:1,cambiarContrasena
DA:12,1
DA:15,6
DA:16,6
DA:17,2
DA:19,4
DA:22,1
DA:25,1
DA:30,1
DA:33,1
DA:36,3
DA:43,3
DA:47,1
DA:48,1
DA:54,1
DA:57,1
DA:62,1
DA:65,1
DA:69,1
DA:74,1
LF:19
LH:19
BRDA:16,0,0,2
BRDA:16,0,1,4
BRDA:17,1,0,1
BRDA:17,1,1,1
BRDA:17,2,0,2
BRDA:17,2,1,2
BRF:6
BRH:6
end_of_record
TN:
SF:src/auth/validaciones/useFormulario.ts
FN:22,useFormulario
FN:30,(anonymous_1)
FN:31,(anonymous_2)
FN:32,(anonymous_3)
FN:39,(anonymous_4)
FN:41,(anonymous_5)
FN:47,(anonymous_6)
FN:48,(anonymous_7)
FNF:8
FNH:8
FNDA:13,useFormulario
FNDA:1,(anonymous_1)
FNDA:1,(anonymous_2)
FNDA:1,(anonymous_3)
FNDA:3,(anonymous_4)
FNDA:4,(anonymous_5)
FNDA:1,(anonymous_6)
FNDA:1,(anonymous_7)
DA:4,1
DA:22,1
DA:25,13
DA:26,13
DA:27,13
DA:28,13
DA:30,13
DA:31,1
DA:32,1
DA:33,1
DA:34,1
DA:35,1
DA:39,13
DA:40,3
DA:41,3
DA:42,4
DA:44,3
DA:47,13
DA:48,1
DA:49,1
DA:50,1
DA:51,1
DA:55,13
LF:23
LH:23
BRF:0
BRH:0
end_of_record
TN:
SF:src/deudas/repositories/PrismaDeudaRepository.ts
FN:10,(anonymous_0)
FN:17,(anonymous_1)
FN:35,(anonymous_2)
FNF:3
FNH:3
FNDA:2,(anonymous_0)
FNDA:2,(anonymous_1)
FNDA:1,(anonymous_2)
DA:1,2
DA:9,2
DA:14,2
DA:15,2
DA:21,2
DA:36,1
LF:6
LH:6
BRDA:14,0,0,1
BRDA:14,0,1,1
BRDA:14,1,0,2
BRDA:14,1,1,2
BRDA:24,2,0,1
BRDA:24,2,1,1
BRF:6
BRH:6
end_of_record
TN:
SF:src/deudas/services/generarDeudas.service.ts
FN:14,redondear
FN:18,generarDeudas
FN:29,(anonymous_2)
FN:31,(anonymous_3)
FN:32,(anonymous_4)
FN:39,(anonymous_5)
FN:40,(anonymous_6)
FNF:7
FNH:7
FNDA:1,redondear
FNDA:3,generarDeudas
FNDA:4,(anonymous_2)
FNDA:5,(anonymous_3)
FNDA:5,(anonymous_4)
FNDA:1,(anonymous_5)
FNDA:2,(anonymous_6)
DA:15,1
DA:18,1
DA:24,3
DA:25,3
DA:27,3
DA:29,4
DA:30,2
DA:31,5
DA:32,5
DA:34,2
DA:36,1
DA:37,1
DA:39,1
DA:40,2
DA:49,1
LF:15
LH:15
BRDA:27,0,0,1
BRDA:27,0,1,2
BRDA:34,1,0,1
BRDA:34,1,1,1
BRF:4
BRH:4
end_of_record
TN:
SF:src/gastos/repositories/PrismaDivisionGastoRepository.ts
FN:9,(anonymous_0)
FNF:1
FNH:1
FNDA:2,(anonymous_0)
DA:1,2
DA:8,2
DA:13,2
DA:14,2
LF:4
LH:4
BRDA:13,0,0,1
BRDA:13,0,1,1
BRDA:13,1,0,2
BRDA:13,1,1,2
BRF:4
BRH:4
end_of_record
TN:
SF:src/gastos/repositories/PrismaGastoRepository.ts
FN:11,(anonymous_0)
FN:15,(anonymous_1)
FN:27,(anonymous_2)
FNF:3
FNH:3
FNDA:2,(anonymous_0)
FNDA:1,(anonymous_1)
FNDA:2,(anonymous_2)
DA:1,2
DA:10,2
DA:12,2
DA:13,2
DA:16,1
DA:28,2
LF:6
LH:6
BRDA:12,0,0,1
BRDA:12,0,1,1
BRDA:12,1,0,2
BRDA:12,1,1,2
BRF:4
BRH:4
end_of_record
TN:
SF:src/gastos/validaciones/gasto.ts
FN:10,validarMonto
FN:16,validarDescripcion
FN:27,validarCategoria
FN:42,validarGrupo
FN:50,validarGasto
FN:78,(anonymous_5)
FN:97,(anonymous_6)
FN:101,(anonymous_7)
FN:126,(anonymous_8)
FN:130,(anonymous_9)
FNF:10
FNH:10
FNDA:15,validarMonto
FNDA:14,validarDescripcion
FNDA:17,validarCategoria
FNDA:13,validarGrupo
FNDA:10,validarGasto
FNDA:8,(anonymous_5)
FNDA:8,(anonymous_6)
FNDA:5,(anonymous_7)
FNDA:8,(anonymous_8)
FNDA:3,(anonymous_9)
DA:3,1
DA:10,1
DA:11,15
DA:12,9
DA:13,8
DA:16,1
DA:19,14
DA:20,4
DA:21,2
DA:22,2
DA:23,1
DA:24,1
DA:27,1
DA:30,17
DA:37,17
DA:38,7
DA:39,5
DA:42,1
DA:45,13
DA:46,3
DA:47,10
DA:50,1
DA:51,10
DA:53,10
DA:54,10
DA:56,10
DA:57,10
DA:58,1
DA:60,10
DA:61,10
DA:62,1
DA:64,10
DA:65,10
DA:68,10
DA:69,10
DA:72,10
DA:77,10
DA:78,6
DA:79,8
DA:80,1
DA:85,8
DA:86,1
DA:93,6
DA:94,6
DA:96,6
DA:97,8
DA:99,6
DA:100,4
DA:101,5
DA:104,4
DA:105,3
DA:106,3
DA:110,3
DA:114,3
DA:125,6
DA:126,8
DA:128,6
DA:129,2
DA:130,3
DA:133,2
DA:134,1
DA:143,10
LF:62
LH:62
BRDA:11,0,0,6
BRDA:11,0,1,9
BRDA:11,1,0,15
BRDA:11,1,1,12
BRDA:11,1,2,11
BRDA:12,2,0,1
BRDA:12,2,1,8
BRDA:19,3,0,10
BRDA:19,3,1,4
BRDA:20,4,0,2
BRDA:20,4,1,2
BRDA:22,5,0,1
BRDA:22,5,1,1
BRDA:37,6,0,10
BRDA:37,6,1,7
BRDA:38,7,0,2
BRDA:38,7,1,5
BRDA:45,8,0,3
BRDA:45,8,1,10
BRDA:45,9,0,13
BRDA:45,9,1,10
BRDA:54,10,0,0
BRDA:54,10,1,10
BRDA:57,11,0,1
BRDA:57,11,1,9
BRDA:61,12,0,1
BRDA:61,12,1,9
BRDA:65,13,0,1
BRDA:65,13,1,9
BRDA:68,14,0,0
BRDA:68,14,1,10
BRDA:68,15,0,10
BRDA:68,15,1,0
BRDA:69,16,0,0
BRDA:69,16,1,10
BRDA:72,17,0,0
BRDA:72,17,1,10
BRDA:72,18,0,10
BRDA:72,18,1,0
BRDA:77,19,0,6
BRDA:77,19,1,4
BRDA:77,20,0,10
BRDA:77,20,1,6
BRDA:79,21,0,1
BRDA:79,21,1,7
BRDA:85,22,0,1
BRDA:85,22,1,7
BRDA:93,23,0,6
BRDA:93,23,1,0
BRDA:93,24,0,6
BRDA:93,24,1,6
BRDA:94,25,0,6
BRDA:94,25,1,0
BRDA:99,26,0,4
BRDA:99,26,1,2
BRDA:104,27,0,3
BRDA:104,27,1,1
BRDA:105,28,0,3
BRDA:105,28,1,0
BRDA:117,29,0,3
BRDA:117,29,1,0
BRDA:128,30,0,2
BRDA:128,30,1,4
BRDA:133,31,0,1
BRDA:133,31,1,1
BRF:65
BRH:55
end_of_record
TN:
SF:src/grupos/repositories/PrismaGrupoRepository.ts
FN:10,(anonymous_0)
FN:17,(anonymous_1)
FNF:2
FNH:2
FNDA:2,(anonymous_0)
FNDA:2,(anonymous_1)
DA:1,2
DA:9,2
DA:14,2
DA:15,2
DA:18,2
LF:5
LH:5
BRDA:14,0,0,1
BRDA:14,0,1,1
BRDA:14,1,0,2
BRDA:14,1,1,2
BRF:4
BRH:4
end_of_record
TN:
SF:src/grupos/repositories/PrismaMiembroGrupoRepository.ts
FN:11,(anonymous_0)
FN:21,(anonymous_1)
FN:28,(anonymous_2)
FN:36,(anonymous_3)
FNF:4
FNH:4
FNDA:2,(anonymous_0)
FNDA:2,(anonymous_1)
FNDA:1,(anonymous_2)
FNDA:2,(anonymous_3)
DA:1,2
DA:10,2
DA:15,2
DA:16,2
DA:25,2
DA:26,2
DA:29,1
DA:39,2
DA:40,1
LF:9
LH:9
BRDA:15,0,0,1
BRDA:15,0,1,1
BRDA:15,1,0,2
BRDA:15,1,1,2
BRDA:25,2,0,1
BRDA:25,2,1,1
BRDA:25,3,0,2
BRDA:25,3,1,2
BRDA:39,4,0,1
BRDA:39,4,1,1
BRF:10
BRH:10
end_of_record
TN:
SF:src/grupos/validaciones/grupos.ts
FN:3,validarCreacionGrupo
FNF:1
FNH:1
FNDA:9,validarCreacionGrupo
DA:3,1
DA:4,9
DA:6,9
DA:7,1
DA:11,9
DA:12,1
DA:13,9
DA:14,1
DA:18,9
DA:19,1
DA:23,9
DA:24,1
DA:30,9
DA:31,1
DA:35,8
DA:36,1
DA:42,9
DA:43,7
DA:44,7
DA:45,7
DA:46,1
DA:53,9
LF:22
LH:22
BRDA:6,0,0,1
BRDA:6,0,1,8
BRDA:6,1,0,0
BRDA:6,1,1,9
BRDA:6,2,0,9
BRDA:6,2,1,9
BRDA:11,3,0,1
BRDA:11,3,1,8
BRDA:11,4,0,0
BRDA:11,4,1,9
BRDA:11,5,0,9
BRDA:11,5,1,9
BRDA:13,6,0,1
BRDA:13,6,1,8
BRDA:18,7,0,1
BRDA:18,7,1,8
BRDA:23,8,0,1
BRDA:23,8,1,8
BRDA:23,9,0,0
BRDA:23,9,1,9
BRDA:23,10,0,9
BRDA:23,10,1,9
BRDA:30,11,0,1
BRDA:30,11,1,8
BRDA:30,12,0,9
BRDA:30,12,1,9
BRDA:35,13,0,1
BRDA:35,13,1,7
BRDA:42,14,0,7
BRDA:42,14,1,2
BRDA:42,15,0,9
BRDA:42,15,1,8
BRDA:45,16,0,1
BRDA:45,16,1,6
BRF:34
BRH:31
end_of_record
TN:
SF:src/shared/di/crearDependencias.ts
FN:35,crearDependencias
FNF:1
FNH:1
FNDA:3,crearDependencias
DA:11,1
DA:12,1
DA:13,1
DA:14,1
DA:15,1
DA:16,1
DA:17,1
DA:18,1
DA:19,1
DA:33,1
DA:35,1
DA:36,3
DA:38,1
DA:50,1
LF:14
LH:14
BRDA:36,0,0,2
BRDA:36,0,1,1
BRF:2
BRH:2
end_of_record
TN:
SF:src/shared/libs/prisma.ts
FNF:0
FNH:0
DA:5,1
DA:7,1
DA:9,1
DA:12,1
DA:13,1
LF:5
LH:5
BRDA:10,0,0,0
BRDA:10,0,1,1
BRDA:10,1,0,1
BRDA:10,1,1,1
BRDA:12,2,0,1
BRDA:12,2,1,0
BRF:6
BRH:4
end_of_record
TN:
SF:src/shared/libs/prismaDatabaseService.ts
FN:5,(anonymous_0)
FNF:1
FNH:1
FNDA:1,(anonymous_0)
DA:1,2
DA:4,2
DA:6,1
LF:3
LH:3
BRF:0
BRH:0
end_of_record
TN:
SF:src/shared/servicios/almacenamientoTokens.ts
FN:18,guardarAccessToken
FN:24,obtenerAccessToken
FN:31,eliminarAccessToken
FN:37,guardarDatosUsuario
FN:43,obtenerDatosUsuario
FN:51,eliminarDatosUsuario
FN:57,limpiarSesion
FNF:7
FNH:7
FNDA:3,guardarAccessToken
FNDA:4,obtenerAccessToken
FNDA:2,eliminarAccessToken
FNDA:3,guardarDatosUsuario
FNDA:4,obtenerDatosUsuario
FNDA:2,eliminarDatosUsuario
FNDA:1,limpiarSesion
DA:8,1
DA:9,1
DA:18,1
DA:19,3
DA:20,3
DA:24,1
DA:25,4
DA:26,4
DA:28,0
DA:31,1
DA:32,2
DA:33,2
DA:37,1
DA:38,3
DA:39,3
DA:43,1
DA:44,4
DA:45,4
DA:46,4
DA:48,0
DA:51,1
DA:52,2
DA:53,2
DA:57,1
DA:58,1
DA:59,1
LF:26
LH:24
BRDA:19,0,0,3
BRDA:19,0,1,0
BRDA:25,1,0,4
BRDA:25,1,1,0
BRDA:32,2,0,2
BRDA:32,2,1,0
BRDA:38,3,0,3
BRDA:38,3,1,0
BRDA:44,4,0,4
BRDA:44,4,1,0
BRDA:46,5,0,1
BRDA:46,5,1,3
BRDA:52,6,0,2
BRDA:52,6,1,0
BRF:14
BRH:8
end_of_record
TN:
SF:src/shared/servicios/peticionAutenticada.ts
FN:5,peticionAutenticada
FNF:1
FNH:1
FNDA:4,peticionAutenticada
DA:5,1
DA:10,4
DA:14,4
DA:23,4
DA:24,2
DA:28,2
DA:33,2
DA:34,1
DA:35,1
DA:36,1
DA:37,1
DA:39,1
DA:42,1
DA:44,1
DA:45,1
DA:49,1
LF:16
LH:16
BRDA:7,0,0,4
BRDA:10,1,0,4
BRDA:10,1,1,0
BRDA:18,2,0,3
BRDA:18,2,1,1
BRDA:23,3,0,2
BRDA:23,3,1,2
BRDA:33,4,0,1
BRDA:33,4,1,1
BRDA:34,5,0,1
BRDA:34,5,1,0
BRDA:44,6,0,1
BRDA:44,6,1,0
BRF:13
BRH:10
end_of_record
