{"/home/Joaquin/Documentos/Visual_Studios_Code/LPC/eatryp/__test__/E2E/helpers.ts": {"path":"/home/Joaquin/Documentos/Visual_Studios_Code/LPC/eatryp/__test__/E2E/helpers.ts","statementMap":{"0":{"start":{"line":1,"column":0},"end":{"line":1,"column":16}},"1":{"start":{"line":39,"column":0},"end":{"line":39,"column":16}},"2":{"start":{"line":9,"column":14},"end":{"line":9,"column":62}},"3":{"start":{"line":10,"column":17},"end":{"line":10,"column":29}},"4":{"start":{"line":12,"column":19},"end":{"line":12,"column":69}},"5":{"start":{"line":13,"column":25},"end":{"line":15,"column":5}},"6":{"start":{"line":13,"column":51},"end":{"line":15,"column":5}},"7":{"start":{"line":17,"column":19},"end":{"line":24,"column":4}},"8":{"start":{"line":26,"column":2},"end":{"line":34,"column":3}},"9":{"start":{"line":27,"column":4},"end":{"line":27,"column":65}},"10":{"start":{"line":28,"column":4},"end":{"line":31,"column":6}},"11":{"start":{"line":29,"column":6},"end":{"line":29,"column":84}},"12":{"start":{"line":29,"column":50},"end":{"line":29,"column":84}},"13":{"start":{"line":30,"column":6},"end":{"line":30,"column":18}},"14":{"start":{"line":33,"column":4},"end":{"line":33,"column":33}},"15":{"start":{"line":33,"column":28},"end":{"line":33,"column":32}},"16":{"start":{"line":36,"column":2},"end":{"line":36,"column":13}},"17":{"start":{"line":40,"column":2},"end":{"line":53,"column":4}},"18":{"start":{"line":43,"column":6},"end":{"line":48,"column":7}},"19":{"start":{"line":44,"column":21},"end":{"line":44,"column":55}},"20":{"start":{"line":45,"column":8},"end":{"line":45,"column":46}},"21":{"start":{"line":47,"column":8},"end":{"line":47,"column":20}}},"fnMap":{"0":{"name":"crearMockNextRequest","decl":{"start":{"line":1,"column":16},"end":{"line":1,"column":36}},"loc":{"start":{"line":8,"column":1},"end":{"line":37,"column":1}}},"1":{"name":"(anonymous_1)","decl":{"start":{"line":13,"column":33},"end":{"line":13,"column":34}},"loc":{"start":{"line":13,"column":50},"end":{"line":15,"column":5}}},"2":{"name":"(anonymous_2)","decl":{"start":{"line":28,"column":22},"end":{"line":28,"column":23}},"loc":{"start":{"line":28,"column":39},"end":{"line":31,"column":5}}},"3":{"name":"(anonymous_3)","decl":{"start":{"line":33,"column":22},"end":{"line":33,"column":25}},"loc":{"start":{"line":33,"column":28},"end":{"line":33,"column":32}}},"4":{"name":"analizarRespuesta","decl":{"start":{"line":39,"column":16},"end":{"line":39,"column":33}},"loc":{"start":{"line":39,"column":53},"end":{"line":54,"column":1}}},"5":{"name":"(anonymous_5)","decl":{"start":{"line":42,"column":10},"end":{"line":42,"column":15}},"loc":{"start":{"line":42,"column":21},"end":{"line":49,"column":5}}}},"branchMap":{"0":{"loc":{"start":{"line":9,"column":14},"end":{"line":9,"column":62}},"type":"binary-expr","locations":[{"start":{"line":9,"column":14},"end":{"line":9,"column":26}},{"start":{"line":9,"column":30},"end":{"line":9,"column":62}}]},"1":{"loc":{"start":{"line":12,"column":47},"end":{"line":12,"column":68}},"type":"binary-expr","locations":[{"start":{"line":12,"column":47},"end":{"line":12,"column":62}},{"start":{"line":12,"column":66},"end":{"line":12,"column":68}}]},"2":{"loc":{"start":{"line":14,"column":11},"end":{"line":14,"column":43}},"type":"binary-expr","locations":[{"start":{"line":14,"column":11},"end":{"line":14,"column":35}},{"start":{"line":14,"column":39},"end":{"line":14,"column":43}}]},"3":{"loc":{"start":{"line":14,"column":11},"end":{"line":14,"column":35}},"type":"cond-expr","locations":[{"start":{"line":14,"column":27},"end":{"line":14,"column":30}},{"start":{"line":14,"column":27},"end":{"line":14,"column":35}}]},"4":{"loc":{"start":{"line":14,"column":11},"end":{"line":14,"column":30}},"type":"binary-expr","locations":[{"start":{"line":14,"column":11},"end":{"line":14,"column":30}},{"start":{"line":14,"column":27},"end":{"line":14,"column":30}}]},"5":{"loc":{"start":{"line":23,"column":12},"end":{"line":23,"column":36}},"type":"binary-expr","locations":[{"start":{"line":23,"column":12},"end":{"line":23,"column":27}},{"start":{"line":23,"column":31},"end":{"line":23,"column":36}}]},"6":{"loc":{"start":{"line":26,"column":2},"end":{"line":34,"column":3}},"type":"if","locations":[{"start":{"line":26,"column":2},"end":{"line":34,"column":3}},{"start":{"line":32,"column":9},"end":{"line":34,"column":3}}]},"7":{"loc":{"start":{"line":29,"column":6},"end":{"line":29,"column":84}},"type":"if","locations":[{"start":{"line":29,"column":6},"end":{"line":29,"column":84}},{"start":{},"end":{}}]},"8":{"loc":{"start":{"line":41,"column":13},"end":{"line":41,"column":44}},"type":"binary-expr","locations":[{"start":{"line":41,"column":13},"end":{"line":41,"column":37}},{"start":{"line":41,"column":41},"end":{"line":41,"column":44}}]},"9":{"loc":{"start":{"line":44,"column":27},"end":{"line":44,"column":54}},"type":"cond-expr","locations":[{"start":{"line":44,"column":50},"end":{"line":44,"column":54}},{"start":{"line":44,"column":50},"end":{"line":44,"column":54}}]},"10":{"loc":{"start":{"line":44,"column":27},"end":{"line":44,"column":54}},"type":"binary-expr","locations":[{"start":{"line":44,"column":27},"end":{"line":44,"column":54}},{"start":{"line":44,"column":50},"end":{"line":44,"column":54}}]},"11":{"loc":{"start":{"line":45,"column":15},"end":{"line":45,"column":45}},"type":"cond-expr","locations":[{"start":{"line":45,"column":22},"end":{"line":45,"column":38}},{"start":{"line":45,"column":41},"end":{"line":45,"column":45}}]},"12":{"loc":{"start":{"line":50,"column":14},"end":{"line":50,"column":45}},"type":"binary-expr","locations":[{"start":{"line":50,"column":14},"end":{"line":50,"column":39}},{"start":{"line":50,"column":43},"end":{"line":50,"column":45}}]},"13":{"loc":{"start":{"line":51,"column":17},"end":{"line":51,"column":54}},"type":"binary-expr","locations":[{"start":{"line":51,"column":17},"end":{"line":51,"column":45}},{"start":{"line":51,"column":49},"end":{"line":51,"column":54}}]},"14":{"loc":{"start":{"line":52,"column":10},"end":{"line":52,"column":37}},"type":"binary-expr","locations":[{"start":{"line":52,"column":10},"end":{"line":52,"column":31}},{"start":{"line":52,"column":35},"end":{"line":52,"column":37}}]}},"s":{"0":4,"1":4,"2":28,"3":28,"4":28,"5":28,"6":3,"7":28,"8":28,"9":13,"10":13,"11":13,"12":13,"13":0,"14":15,"15":5,"16":28,"17":0,"18":0,"19":0,"20":0,"21":0},"f":{"0":28,"1":3,"2":13,"3":5,"4":0,"5":0},"b":{"0":[28,0],"1":[28,15],"2":[3,1],"3":[1,2],"4":[3,3],"5":[28,12],"6":[13,15],"7":[13,0],"8":[0,0],"9":[0,0],"10":[0,0],"11":[0,0],"12":[0,0],"13":[0,0],"14":[0,0]}}
,"/home/Joaquin/Documentos/Visual_Studios_Code/LPC/eatryp/src/auth/controllers/login.controller.ts": {"path":"/home/Joaquin/Documentos/Visual_Studios_Code/LPC/eatryp/src/auth/controllers/login.controller.ts","statementMap":{"0":{"start":{"line":6,"column":0},"end":{"line":6,"column":7}},"1":{"start":{"line":1,"column":0},"end":{"line":1,"column":56}},"2":{"start":{"line":2,"column":0},"end":{"line":2,"column":62}},"3":{"start":{"line":3,"column":0},"end":{"line":3,"column":72}},"4":{"start":{"line":4,"column":0},"end":{"line":4,"column":66}},"5":{"start":{"line":7,"column":2},"end":{"line":31,"column":3}},"6":{"start":{"line":8,"column":19},"end":{"line":8,"column":35}},"7":{"start":{"line":9,"column":20},"end":{"line":9,"column":47}},"8":{"start":{"line":11,"column":4},"end":{"line":13,"column":5}},"9":{"start":{"line":12,"column":6},"end":{"line":12,"column":94}},"10":{"start":{"line":15,"column":40},"end":{"line":15,"column":59}},"11":{"start":{"line":16,"column":22},"end":{"line":16,"column":100}},"12":{"start":{"line":18,"column":22},"end":{"line":21,"column":23}},"13":{"start":{"line":23,"column":4},"end":{"line":26,"column":7}},"14":{"start":{"line":28,"column":4},"end":{"line":28,"column":21}},"15":{"start":{"line":30,"column":4},"end":{"line":30,"column":114}}},"fnMap":{"0":{"name":"controladorLogin","decl":{"start":{"line":6,"column":22},"end":{"line":6,"column":38}},"loc":{"start":{"line":6,"column":55},"end":{"line":32,"column":1}}}},"branchMap":{"0":{"loc":{"start":{"line":11,"column":4},"end":{"line":13,"column":5}},"type":"if","locations":[{"start":{"line":11,"column":4},"end":{"line":13,"column":5}},{"start":{},"end":{}}]},"1":{"loc":{"start":{"line":30,"column":54},"end":{"line":30,"column":93}},"type":"binary-expr","locations":[{"start":{"line":30,"column":54},"end":{"line":30,"column":67}},{"start":{"line":30,"column":71},"end":{"line":30,"column":93}}]}},"s":{"0":1,"1":1,"2":1,"3":1,"4":1,"5":3,"6":3,"7":3,"8":3,"9":1,"10":2,"11":2,"12":1,"13":1,"14":1,"15":1},"f":{"0":3},"b":{"0":[1,2],"1":[1,0]}}
,"/home/Joaquin/Documentos/Visual_Studios_Code/LPC/eatryp/src/auth/controllers/logout.controller.ts": {"path":"/home/Joaquin/Documentos/Visual_Studios_Code/LPC/eatryp/src/auth/controllers/logout.controller.ts","statementMap":{"0":{"start":{"line":5,"column":0},"end":{"line":5,"column":7}},"1":{"start":{"line":1,"column":0},"end":{"line":1,"column":56}},"2":{"start":{"line":2,"column":0},"end":{"line":2,"column":64}},"3":{"start":{"line":3,"column":0},"end":{"line":3,"column":66}},"4":{"start":{"line":6,"column":2},"end":{"line":19,"column":3}},"5":{"start":{"line":7,"column":25},"end":{"line":7,"column":63}},"6":{"start":{"line":8,"column":4},"end":{"line":11,"column":5}},"7":{"start":{"line":9,"column":29},"end":{"line":9,"column":48}},"8":{"start":{"line":10,"column":6},"end":{"line":10,"column":53}},"9":{"start":{"line":13,"column":22},"end":{"line":13,"column":100}},"10":{"start":{"line":14,"column":4},"end":{"line":14,"column":88}},"11":{"start":{"line":16,"column":4},"end":{"line":16,"column":21}},"12":{"start":{"line":18,"column":4},"end":{"line":18,"column":99}}},"fnMap":{"0":{"name":"controladorLogout","decl":{"start":{"line":5,"column":22},"end":{"line":5,"column":39}},"loc":{"start":{"line":5,"column":56},"end":{"line":20,"column":1}}}},"branchMap":{"0":{"loc":{"start":{"line":7,"column":25},"end":{"line":7,"column":63}},"type":"cond-expr","locations":[{"start":{"line":7,"column":56},"end":{"line":7,"column":58}},{"start":{"line":7,"column":56},"end":{"line":7,"column":63}}]},"1":{"loc":{"start":{"line":7,"column":25},"end":{"line":7,"column":58}},"type":"binary-expr","locations":[{"start":{"line":7,"column":25},"end":{"line":7,"column":58}},{"start":{"line":7,"column":56},"end":{"line":7,"column":58}}]},"2":{"loc":{"start":{"line":8,"column":4},"end":{"line":11,"column":5}},"type":"if","locations":[{"start":{"line":8,"column":4},"end":{"line":11,"column":5}},{"start":{},"end":{}}]}},"s":{"0":1,"1":1,"2":1,"3":1,"4":1,"5":1,"6":1,"7":1,"8":1,"9":1,"10":1,"11":1,"12":0},"f":{"0":1},"b":{"0":[0,1],"1":[1,1],"2":[1,0]}}
,"/home/Joaquin/Documentos/Visual_Studios_Code/LPC/eatryp/src/auth/controllers/nueva-contrasena.controller.ts": {"path":"/home/Joaquin/Documentos/Visual_Studios_Code/LPC/eatryp/src/auth/controllers/nueva-contrasena.controller.ts","statementMap":{"0":{"start":{"line":6,"column":0},"end":{"line":6,"column":7}},"1":{"start":{"line":1,"column":0},"end":{"line":1,"column":56}},"2":{"start":{"line":2,"column":0},"end":{"line":2,"column":85}},"3":{"start":{"line":3,"column":0},"end":{"line":3,"column":70}},"4":{"start":{"line":4,"column":0},"end":{"line":4,"column":66}},"5":{"start":{"line":7,"column":2},"end":{"line":25,"column":3}},"6":{"start":{"line":8,"column":34},"end":{"line":8,"column":50}},"7":{"start":{"line":10,"column":4},"end":{"line":12,"column":5}},"8":{"start":{"line":11,"column":6},"end":{"line":11,"column":94}},"9":{"start":{"line":14,"column":28},"end":{"line":14,"column":57}},"10":{"start":{"line":15,"column":4},"end":{"line":17,"column":5}},"11":{"start":{"line":16,"column":6},"end":{"line":16,"column":92}},"12":{"start":{"line":19,"column":63},"end":{"line":19,"column":82}},"13":{"start":{"line":20,"column":4},"end":{"line":20,"column":103}},"14":{"start":{"line":22,"column":4},"end":{"line":22,"column":112}},"15":{"start":{"line":24,"column":4},"end":{"line":24,"column":124}}},"fnMap":{"0":{"name":"controladorNuevaContrasena","decl":{"start":{"line":6,"column":22},"end":{"line":6,"column":48}},"loc":{"start":{"line":6,"column":65},"end":{"line":26,"column":1}}}},"branchMap":{"0":{"loc":{"start":{"line":10,"column":4},"end":{"line":12,"column":5}},"type":"if","locations":[{"start":{"line":10,"column":4},"end":{"line":12,"column":5}},{"start":{},"end":{}}]},"1":{"loc":{"start":{"line":15,"column":4},"end":{"line":17,"column":5}},"type":"if","locations":[{"start":{"line":15,"column":4},"end":{"line":17,"column":5}},{"start":{},"end":{}}]},"2":{"loc":{"start":{"line":24,"column":54},"end":{"line":24,"column":103}},"type":"binary-expr","locations":[{"start":{"line":24,"column":54},"end":{"line":24,"column":67}},{"start":{"line":24,"column":71},"end":{"line":24,"column":103}}]}},"s":{"0":1,"1":1,"2":1,"3":1,"4":1,"5":1,"6":1,"7":1,"8":1,"9":0,"10":0,"11":0,"12":0,"13":0,"14":0,"15":0},"f":{"0":1},"b":{"0":[1,0],"1":[0,0],"2":[0,0]}}
,"/home/Joaquin/Documentos/Visual_Studios_Code/LPC/eatryp/src/auth/controllers/recuperar.controller.ts": {"path":"/home/Joaquin/Documentos/Visual_Studios_Code/LPC/eatryp/src/auth/controllers/recuperar.controller.ts","statementMap":{"0":{"start":{"line":6,"column":0},"end":{"line":6,"column":7}},"1":{"start":{"line":1,"column":0},"end":{"line":1,"column":56}},"2":{"start":{"line":2,"column":0},"end":{"line":2,"column":72}},"3":{"start":{"line":3,"column":0},"end":{"line":3,"column":72}},"4":{"start":{"line":4,"column":0},"end":{"line":4,"column":66}},"5":{"start":{"line":7,"column":2},"end":{"line":24,"column":3}},"6":{"start":{"line":8,"column":19},"end":{"line":8,"column":35}},"7":{"start":{"line":9,"column":20},"end":{"line":9,"column":47}},"8":{"start":{"line":11,"column":4},"end":{"line":13,"column":5}},"9":{"start":{"line":12,"column":6},"end":{"line":12,"column":94}},"10":{"start":{"line":15,"column":51},"end":{"line":15,"column":70}},"11":{"start":{"line":16,"column":4},"end":{"line":16,"column":81}},"12":{"start":{"line":18,"column":4},"end":{"line":21,"column":24}},"13":{"start":{"line":23,"column":4},"end":{"line":23,"column":107}}},"fnMap":{"0":{"name":"controladorRecuperarContrasena","decl":{"start":{"line":6,"column":22},"end":{"line":6,"column":52}},"loc":{"start":{"line":6,"column":69},"end":{"line":25,"column":1}}}},"branchMap":{"0":{"loc":{"start":{"line":11,"column":4},"end":{"line":13,"column":5}},"type":"if","locations":[{"start":{"line":11,"column":4},"end":{"line":13,"column":5}},{"start":{},"end":{}}]}},"s":{"0":1,"1":1,"2":1,"3":1,"4":1,"5":1,"6":1,"7":1,"8":1,"9":0,"10":1,"11":1,"12":1,"13":0},"f":{"0":1},"b":{"0":[0,1]}}
,"/home/Joaquin/Documentos/Visual_Studios_Code/LPC/eatryp/src/auth/controllers/refresh.controller.ts": {"path":"/home/Joaquin/Documentos/Visual_Studios_Code/LPC/eatryp/src/auth/controllers/refresh.controller.ts","statementMap":{"0":{"start":{"line":5,"column":0},"end":{"line":5,"column":7}},"1":{"start":{"line":1,"column":0},"end":{"line":1,"column":56}},"2":{"start":{"line":2,"column":0},"end":{"line":2,"column":65}},"3":{"start":{"line":3,"column":0},"end":{"line":3,"column":66}},"4":{"start":{"line":6,"column":2},"end":{"line":26,"column":3}},"5":{"start":{"line":7,"column":25},"end":{"line":7,"column":63}},"6":{"start":{"line":9,"column":4},"end":{"line":11,"column":5}},"7":{"start":{"line":10,"column":6},"end":{"line":10,"column":92}},"8":{"start":{"line":13,"column":27},"end":{"line":13,"column":46}},"9":{"start":{"line":14,"column":19},"end":{"line":14,"column":65}},"10":{"start":{"line":16,"column":22},"end":{"line":16,"column":106}},"11":{"start":{"line":18,"column":4},"end":{"line":21,"column":7}},"12":{"start":{"line":23,"column":4},"end":{"line":23,"column":21}},"13":{"start":{"line":25,"column":4},"end":{"line":25,"column":103}}},"fnMap":{"0":{"name":"controladorRefresh","decl":{"start":{"line":5,"column":22},"end":{"line":5,"column":40}},"loc":{"start":{"line":5,"column":57},"end":{"line":27,"column":1}}}},"branchMap":{"0":{"loc":{"start":{"line":7,"column":25},"end":{"line":7,"column":63}},"type":"cond-expr","locations":[{"start":{"line":7,"column":56},"end":{"line":7,"column":58}},{"start":{"line":7,"column":56},"end":{"line":7,"column":63}}]},"1":{"loc":{"start":{"line":7,"column":25},"end":{"line":7,"column":58}},"type":"binary-expr","locations":[{"start":{"line":7,"column":25},"end":{"line":7,"column":58}},{"start":{"line":7,"column":56},"end":{"line":7,"column":58}}]},"2":{"loc":{"start":{"line":9,"column":4},"end":{"line":11,"column":5}},"type":"if","locations":[{"start":{"line":9,"column":4},"end":{"line":11,"column":5}},{"start":{},"end":{}}]}},"s":{"0":1,"1":1,"2":1,"3":1,"4":2,"5":2,"6":2,"7":1,"8":1,"9":1,"10":1,"11":1,"12":1,"13":0},"f":{"0":2},"b":{"0":[0,2],"1":[2,2],"2":[1,1]}}
,"/home/Joaquin/Documentos/Visual_Studios_Code/LPC/eatryp/src/auth/controllers/registro.controller.ts": {"path":"/home/Joaquin/Documentos/Visual_Studios_Code/LPC/eatryp/src/auth/controllers/registro.controller.ts","statementMap":{"0":{"start":{"line":6,"column":0},"end":{"line":6,"column":7}},"1":{"start":{"line":1,"column":0},"end":{"line":1,"column":56}},"2":{"start":{"line":2,"column":0},"end":{"line":2,"column":69}},"3":{"start":{"line":3,"column":0},"end":{"line":3,"column":68}},"4":{"start":{"line":4,"column":0},"end":{"line":4,"column":66}},"5":{"start":{"line":7,"column":2},"end":{"line":31,"column":3}},"6":{"start":{"line":8,"column":19},"end":{"line":8,"column":35}},"7":{"start":{"line":9,"column":20},"end":{"line":9,"column":43}},"8":{"start":{"line":11,"column":4},"end":{"line":13,"column":5}},"9":{"start":{"line":12,"column":6},"end":{"line":12,"column":103}},"10":{"start":{"line":15,"column":40},"end":{"line":15,"column":59}},"11":{"start":{"line":16,"column":22},"end":{"line":16,"column":78}},"12":{"start":{"line":18,"column":22},"end":{"line":21,"column":23}},"13":{"start":{"line":23,"column":4},"end":{"line":26,"column":7}},"14":{"start":{"line":28,"column":4},"end":{"line":28,"column":21}},"15":{"start":{"line":30,"column":4},"end":{"line":30,"column":114}}},"fnMap":{"0":{"name":"controladorRegistro","decl":{"start":{"line":6,"column":22},"end":{"line":6,"column":41}},"loc":{"start":{"line":6,"column":58},"end":{"line":32,"column":1}}}},"branchMap":{"0":{"loc":{"start":{"line":11,"column":4},"end":{"line":13,"column":5}},"type":"if","locations":[{"start":{"line":11,"column":4},"end":{"line":13,"column":5}},{"start":{},"end":{}}]},"1":{"loc":{"start":{"line":30,"column":54},"end":{"line":30,"column":93}},"type":"binary-expr","locations":[{"start":{"line":30,"column":54},"end":{"line":30,"column":67}},{"start":{"line":30,"column":71},"end":{"line":30,"column":93}}]}},"s":{"0":1,"1":1,"2":1,"3":1,"4":1,"5":2,"6":2,"7":2,"8":2,"9":1,"10":1,"11":1,"12":1,"13":1,"14":1,"15":0},"f":{"0":2},"b":{"0":[1,1],"1":[0,0]}}
,"/home/Joaquin/Documentos/Visual_Studios_Code/LPC/eatryp/src/auth/controllers/usuarios.controller.ts": {"path":"/home/Joaquin/Documentos/Visual_Studios_Code/LPC/eatryp/src/auth/controllers/usuarios.controller.ts","statementMap":{"0":{"start":{"line":5,"column":0},"end":{"line":5,"column":7}},"1":{"start":{"line":1,"column":0},"end":{"line":1,"column":56}},"2":{"start":{"line":2,"column":0},"end":{"line":2,"column":59}},"3":{"start":{"line":3,"column":0},"end":{"line":3,"column":66}},"4":{"start":{"line":6,"column":2},"end":{"line":39,"column":3}},"5":{"start":{"line":7,"column":23},"end":{"line":7,"column":55}},"6":{"start":{"line":8,"column":4},"end":{"line":10,"column":5}},"7":{"start":{"line":9,"column":6},"end":{"line":9,"column":92}},"8":{"start":{"line":12,"column":18},"end":{"line":12,"column":42}},"9":{"start":{"line":13,"column":4},"end":{"line":13,"column":32}},"10":{"start":{"line":15,"column":29},"end":{"line":15,"column":45}},"11":{"start":{"line":16,"column":19},"end":{"line":16,"column":45}},"12":{"start":{"line":18,"column":4},"end":{"line":20,"column":5}},"13":{"start":{"line":19,"column":6},"end":{"line":19,"column":107}},"14":{"start":{"line":22,"column":28},"end":{"line":22,"column":47}},"15":{"start":{"line":23,"column":20},"end":{"line":23,"column":61}},"16":{"start":{"line":25,"column":4},"end":{"line":27,"column":5}},"17":{"start":{"line":26,"column":6},"end":{"line":26,"column":100}},"18":{"start":{"line":29,"column":4},"end":{"line":32,"column":24}},"19":{"start":{"line":34,"column":28},"end":{"line":34,"column":100}},"20":{"start":{"line":35,"column":4},"end":{"line":38,"column":48}}},"fnMap":{"0":{"name":"controladorBuscarUsuario","decl":{"start":{"line":5,"column":22},"end":{"line":5,"column":46}},"loc":{"start":{"line":5,"column":63},"end":{"line":40,"column":1}}}},"branchMap":{"0":{"loc":{"start":{"line":8,"column":4},"end":{"line":10,"column":5}},"type":"if","locations":[{"start":{"line":8,"column":4},"end":{"line":10,"column":5}},{"start":{},"end":{}}]},"1":{"loc":{"start":{"line":8,"column":9},"end":{"line":8,"column":42}},"type":"cond-expr","locations":[{"start":{"line":8,"column":19},"end":{"line":8,"column":21}},{"start":{"line":8,"column":9},"end":{"line":8,"column":42}}]},"2":{"loc":{"start":{"line":8,"column":9},"end":{"line":8,"column":21}},"type":"binary-expr","locations":[{"start":{"line":8,"column":9},"end":{"line":8,"column":21}},{"start":{"line":8,"column":9},"end":{"line":8,"column":21}}]},"3":{"loc":{"start":{"line":18,"column":4},"end":{"line":20,"column":5}},"type":"if","locations":[{"start":{"line":18,"column":4},"end":{"line":20,"column":5}},{"start":{},"end":{}}]},"4":{"loc":{"start":{"line":25,"column":4},"end":{"line":27,"column":5}},"type":"if","locations":[{"start":{"line":25,"column":4},"end":{"line":27,"column":5}},{"start":{},"end":{}}]},"5":{"loc":{"start":{"line":34,"column":28},"end":{"line":34,"column":100}},"type":"binary-expr","locations":[{"start":{"line":34,"column":28},"end":{"line":34,"column":62}},{"start":{"line":34,"column":66},"end":{"line":34,"column":100}}]},"6":{"loc":{"start":{"line":37,"column":15},"end":{"line":37,"column":88}},"type":"cond-expr","locations":[{"start":{"line":37,"column":33},"end":{"line":37,"column":60}},{"start":{"line":37,"column":63},"end":{"line":37,"column":88}}]},"7":{"loc":{"start":{"line":38,"column":17},"end":{"line":38,"column":44}},"type":"cond-expr","locations":[{"start":{"line":38,"column":35},"end":{"line":38,"column":38}},{"start":{"line":38,"column":41},"end":{"line":38,"column":44}}]}},"s":{"0":1,"1":1,"2":1,"3":1,"4":2,"5":2,"6":2,"7":1,"8":1,"9":1,"10":1,"11":1,"12":1,"13":0,"14":1,"15":1,"16":1,"17":0,"18":1,"19":0,"20":0},"f":{"0":2},"b":{"0":[1,1],"1":[1,1],"2":[2,1],"3":[0,1],"4":[0,1],"5":[0,0],"6":[0,0],"7":[0,0]}}
,"/home/Joaquin/Documentos/Visual_Studios_Code/LPC/eatryp/src/auth/services/contraseña.ts": {"path":"/home/Joaquin/Documentos/Visual_Studios_Code/LPC/eatryp/src/auth/services/contraseña.ts","statementMap":{"0":{"start":{"line":9,"column":0},"end":{"line":9,"column":7}},"1":{"start":{"line":13,"column":0},"end":{"line":13,"column":7}},"2":{"start":{"line":5,"column":0},"end":{"line":5,"column":30}},"3":{"start":{"line":7,"column":20},"end":{"line":7,"column":22}},"4":{"start":{"line":10,"column":2},"end":{"line":10,"column":46}},"5":{"start":{"line":17,"column":2},"end":{"line":17,"column":42}}},"fnMap":{"0":{"name":"hashearContrasena","decl":{"start":{"line":9,"column":22},"end":{"line":9,"column":39}},"loc":{"start":{"line":9,"column":58},"end":{"line":11,"column":1}}},"1":{"name":"verificarContrasena","decl":{"start":{"line":13,"column":22},"end":{"line":13,"column":41}},"loc":{"start":{"line":15,"column":14},"end":{"line":18,"column":1}}}},"branchMap":{},"s":{"0":5,"1":5,"2":5,"3":5,"4":8,"5":5},"f":{"0":8,"1":5},"b":{}}
,"/home/Joaquin/Documentos/Visual_Studios_Code/LPC/eatryp/src/auth/services/google.service.ts": {"path":"/home/Joaquin/Documentos/Visual_Studios_Code/LPC/eatryp/src/auth/services/google.service.ts","statementMap":{"0":{"start":{"line":14,"column":0},"end":{"line":14,"column":7}},"1":{"start":{"line":1,"column":0},"end":{"line":1,"column":52}},"2":{"start":{"line":5,"column":21},"end":{"line":5,"column":22}},"3":{"start":{"line":19,"column":16},"end":{"line":19,"column":74}},"4":{"start":{"line":21,"column":2},"end":{"line":23,"column":3}},"5":{"start":{"line":22,"column":4},"end":{"line":22,"column":67}},"6":{"start":{"line":25,"column":2},"end":{"line":34,"column":3}},"7":{"start":{"line":26,"column":4},"end":{"line":33,"column":7}},"8":{"start":{"line":36,"column":17},"end":{"line":36,"column":81}},"9":{"start":{"line":38,"column":19},"end":{"line":38,"column":29}},"10":{"start":{"line":39,"column":2},"end":{"line":39,"column":54}},"11":{"start":{"line":41,"column":2},"end":{"line":45,"column":5}},"12":{"start":{"line":47,"column":2},"end":{"line":56,"column":4}}},"fnMap":{"0":{"name":"procesarLoginGoogle","decl":{"start":{"line":14,"column":22},"end":{"line":14,"column":41}},"loc":{"start":{"line":17,"column":31},"end":{"line":57,"column":1}}}},"branchMap":{"0":{"loc":{"start":{"line":21,"column":2},"end":{"line":23,"column":3}},"type":"if","locations":[{"start":{"line":21,"column":2},"end":{"line":23,"column":3}},{"start":{},"end":{}}]},"1":{"loc":{"start":{"line":25,"column":2},"end":{"line":34,"column":3}},"type":"if","locations":[{"start":{"line":25,"column":2},"end":{"line":34,"column":3}},{"start":{},"end":{}}]}},"s":{"0":1,"1":1,"2":1,"3":3,"4":3,"5":2,"6":3,"7":1,"8":3,"9":3,"10":3,"11":3,"12":3},"f":{"0":3},"b":{"0":[2,1],"1":[1,2]}}
,"/home/Joaquin/Documentos/Visual_Studios_Code/LPC/eatryp/src/auth/services/jwt.ts": {"path":"/home/Joaquin/Documentos/Visual_Studios_Code/LPC/eatryp/src/auth/services/jwt.ts","statementMap":{"0":{"start":{"line":27,"column":0},"end":{"line":27,"column":16}},"1":{"start":{"line":33,"column":0},"end":{"line":33,"column":16}},"2":{"start":{"line":37,"column":0},"end":{"line":37,"column":16}},"3":{"start":{"line":6,"column":0},"end":{"line":6,"column":31}},"4":{"start":{"line":8,"column":23},"end":{"line":8,"column":46}},"5":{"start":{"line":9,"column":23},"end":{"line":9,"column":54}},"6":{"start":{"line":11,"column":0},"end":{"line":15,"column":1}},"7":{"start":{"line":12,"column":2},"end":{"line":14,"column":4}},"8":{"start":{"line":28,"column":22},"end":{"line":28,"column":76}},"9":{"start":{"line":29,"column":23},"end":{"line":29,"column":77}},"10":{"start":{"line":30,"column":2},"end":{"line":30,"column":39}},"11":{"start":{"line":34,"column":2},"end":{"line":34,"column":56}},"12":{"start":{"line":38,"column":2},"end":{"line":38,"column":57}}},"fnMap":{"0":{"name":"generarTokens","decl":{"start":{"line":27,"column":16},"end":{"line":27,"column":29}},"loc":{"start":{"line":27,"column":49},"end":{"line":31,"column":1}}},"1":{"name":"verificarAccessToken","decl":{"start":{"line":33,"column":16},"end":{"line":33,"column":36}},"loc":{"start":{"line":33,"column":50},"end":{"line":35,"column":1}}},"2":{"name":"verificarRefreshToken","decl":{"start":{"line":37,"column":16},"end":{"line":37,"column":37}},"loc":{"start":{"line":37,"column":51},"end":{"line":39,"column":1}}}},"branchMap":{"0":{"loc":{"start":{"line":11,"column":0},"end":{"line":15,"column":1}},"type":"if","locations":[{"start":{"line":11,"column":0},"end":{"line":15,"column":1}},{"start":{},"end":{}}]},"1":{"loc":{"start":{"line":11,"column":4},"end":{"line":11,"column":37}},"type":"binary-expr","locations":[{"start":{"line":11,"column":4},"end":{"line":11,"column":18}},{"start":{"line":11,"column":22},"end":{"line":11,"column":37}}]}},"s":{"0":9,"1":9,"2":9,"3":9,"4":9,"5":9,"6":9,"7":0,"8":19,"9":19,"10":19,"11":15,"12":6},"f":{"0":19,"1":15,"2":6},"b":{"0":[0,9],"1":[9,9]}}
,"/home/Joaquin/Documentos/Visual_Studios_Code/LPC/eatryp/src/auth/services/login.service.ts": {"path":"/home/Joaquin/Documentos/Visual_Studios_Code/LPC/eatryp/src/auth/services/login.service.ts","statementMap":{"0":{"start":{"line":8,"column":0},"end":{"line":8,"column":7}},"1":{"start":{"line":1,"column":0},"end":{"line":1,"column":65}},"2":{"start":{"line":2,"column":0},"end":{"line":2,"column":52}},"3":{"start":{"line":6,"column":21},"end":{"line":6,"column":22}},"4":{"start":{"line":14,"column":18},"end":{"line":14,"column":59}},"5":{"start":{"line":16,"column":2},"end":{"line":18,"column":3}},"6":{"start":{"line":17,"column":4},"end":{"line":17,"column":48}},"7":{"start":{"line":20,"column":27},"end":{"line":20,"column":88}},"8":{"start":{"line":21,"column":2},"end":{"line":23,"column":3}},"9":{"start":{"line":22,"column":4},"end":{"line":22,"column":48}},"10":{"start":{"line":25,"column":17},"end":{"line":25,"column":81}},"11":{"start":{"line":27,"column":19},"end":{"line":27,"column":29}},"12":{"start":{"line":28,"column":2},"end":{"line":28,"column":54}},"13":{"start":{"line":30,"column":2},"end":{"line":30,"column":94}},"14":{"start":{"line":32,"column":2},"end":{"line":36,"column":4}}},"fnMap":{"0":{"name":"procesarLogin","decl":{"start":{"line":8,"column":22},"end":{"line":8,"column":35}},"loc":{"start":{"line":12,"column":31},"end":{"line":37,"column":1}}}},"branchMap":{"0":{"loc":{"start":{"line":16,"column":2},"end":{"line":18,"column":3}},"type":"if","locations":[{"start":{"line":16,"column":2},"end":{"line":18,"column":3}},{"start":{},"end":{}}]},"1":{"loc":{"start":{"line":16,"column":6},"end":{"line":16,"column":41}},"type":"binary-expr","locations":[{"start":{"line":16,"column":6},"end":{"line":16,"column":14}},{"start":{"line":16,"column":18},"end":{"line":16,"column":41}}]},"2":{"loc":{"start":{"line":21,"column":2},"end":{"line":23,"column":3}},"type":"if","locations":[{"start":{"line":21,"column":2},"end":{"line":23,"column":3}},{"start":{},"end":{}}]}},"s":{"0":2,"1":2,"2":2,"3":2,"4":6,"5":6,"6":3,"7":3,"8":3,"9":1,"10":2,"11":2,"12":2,"13":2,"14":2},"f":{"0":6},"b":{"0":[3,3],"1":[6,4],"2":[1,2]}}
,"/home/Joaquin/Documentos/Visual_Studios_Code/LPC/eatryp/src/auth/services/logout.service.ts": {"path":"/home/Joaquin/Documentos/Visual_Studios_Code/LPC/eatryp/src/auth/services/logout.service.ts","statementMap":{"0":{"start":{"line":3,"column":0},"end":{"line":3,"column":7}},"1":{"start":{"line":4,"column":2},"end":{"line":4,"column":54}}},"fnMap":{"0":{"name":"terminarSesion","decl":{"start":{"line":3,"column":22},"end":{"line":3,"column":36}},"loc":{"start":{"line":3,"column":88},"end":{"line":5,"column":1}}}},"branchMap":{},"s":{"0":2,"1":2},"f":{"0":2},"b":{}}
,"/home/Joaquin/Documentos/Visual_Studios_Code/LPC/eatryp/src/auth/services/nueva-contrasena.service.ts": {"path":"/home/Joaquin/Documentos/Visual_Studios_Code/LPC/eatryp/src/auth/services/nueva-contrasena.service.ts","statementMap":{"0":{"start":{"line":6,"column":0},"end":{"line":6,"column":7}},"1":{"start":{"line":1,"column":0},"end":{"line":1,"column":63}},"2":{"start":{"line":13,"column":22},"end":{"line":13,"column":62}},"3":{"start":{"line":14,"column":2},"end":{"line":14,"column":65}},"4":{"start":{"line":14,"column":20},"end":{"line":14,"column":65}},"5":{"start":{"line":16,"column":15},"end":{"line":16,"column":50}},"6":{"start":{"line":18,"column":2},"end":{"line":18,"column":70}},"7":{"start":{"line":19,"column":2},"end":{"line":19,"column":50}},"8":{"start":{"line":20,"column":2},"end":{"line":20,"column":63}}},"fnMap":{"0":{"name":"cambiarContrasenaConToken","decl":{"start":{"line":6,"column":22},"end":{"line":6,"column":47}},"loc":{"start":{"line":11,"column":31},"end":{"line":21,"column":1}}}},"branchMap":{"0":{"loc":{"start":{"line":14,"column":2},"end":{"line":14,"column":65}},"type":"if","locations":[{"start":{"line":14,"column":2},"end":{"line":14,"column":65}},{"start":{},"end":{}}]}},"s":{"0":2,"1":2,"2":2,"3":2,"4":1,"5":1,"6":1,"7":1,"8":1},"f":{"0":2},"b":{"0":[1,1]}}
,"/home/Joaquin/Documentos/Visual_Studios_Code/LPC/eatryp/src/auth/services/recuperar.service.ts": {"path":"/home/Joaquin/Documentos/Visual_Studios_Code/LPC/eatryp/src/auth/services/recuperar.service.ts","statementMap":{"0":{"start":{"line":5,"column":0},"end":{"line":5,"column":7}},"1":{"start":{"line":1,"column":0},"end":{"line":1,"column":28}},"2":{"start":{"line":10,"column":18},"end":{"line":10,"column":59}},"3":{"start":{"line":11,"column":2},"end":{"line":11,"column":23}},"4":{"start":{"line":11,"column":16},"end":{"line":11,"column":23}},"5":{"start":{"line":13,"column":2},"end":{"line":13,"column":52}},"6":{"start":{"line":15,"column":16},"end":{"line":15,"column":54}},"7":{"start":{"line":16,"column":19},"end":{"line":16,"column":56}},"8":{"start":{"line":18,"column":2},"end":{"line":18,"column":68}},"9":{"start":{"line":20,"column":2},"end":{"line":22,"column":3}},"10":{"start":{"line":21,"column":4},"end":{"line":21,"column":102}}},"fnMap":{"0":{"name":"iniciarRecuperacion","decl":{"start":{"line":5,"column":22},"end":{"line":5,"column":41}},"loc":{"start":{"line":8,"column":41},"end":{"line":23,"column":1}}}},"branchMap":{"0":{"loc":{"start":{"line":11,"column":2},"end":{"line":11,"column":23}},"type":"if","locations":[{"start":{"line":11,"column":2},"end":{"line":11,"column":23}},{"start":{},"end":{}}]},"1":{"loc":{"start":{"line":20,"column":2},"end":{"line":22,"column":3}},"type":"if","locations":[{"start":{"line":20,"column":2},"end":{"line":22,"column":3}},{"start":{},"end":{}}]}},"s":{"0":2,"1":2,"2":3,"3":3,"4":1,"5":2,"6":2,"7":2,"8":2,"9":2,"10":0},"f":{"0":3},"b":{"0":[1,2],"1":[0,2]}}
,"/home/Joaquin/Documentos/Visual_Studios_Code/LPC/eatryp/src/auth/services/refresh.service.ts": {"path":"/home/Joaquin/Documentos/Visual_Studios_Code/LPC/eatryp/src/auth/services/refresh.service.ts","statementMap":{"0":{"start":{"line":4,"column":0},"end":{"line":4,"column":7}},"1":{"start":{"line":1,"column":0},"end":{"line":1,"column":75}},"2":{"start":{"line":5,"column":18},"end":{"line":5,"column":53}},"3":{"start":{"line":7,"column":17},"end":{"line":7,"column":66}},"4":{"start":{"line":8,"column":2},"end":{"line":8,"column":61}},"5":{"start":{"line":8,"column":15},"end":{"line":8,"column":61}},"6":{"start":{"line":10,"column":17},"end":{"line":10,"column":88}},"7":{"start":{"line":11,"column":2},"end":{"line":11,"column":71}},"8":{"start":{"line":13,"column":2},"end":{"line":13,"column":80}}},"fnMap":{"0":{"name":"refrescarToken","decl":{"start":{"line":4,"column":22},"end":{"line":4,"column":36}},"loc":{"start":{"line":4,"column":88},"end":{"line":14,"column":1}}}},"branchMap":{"0":{"loc":{"start":{"line":8,"column":2},"end":{"line":8,"column":61}},"type":"if","locations":[{"start":{"line":8,"column":2},"end":{"line":8,"column":61}},{"start":{},"end":{}}]}},"s":{"0":2,"1":2,"2":4,"3":3,"4":3,"5":1,"6":2,"7":2,"8":2},"f":{"0":4},"b":{"0":[1,2]}}
,"/home/Joaquin/Documentos/Visual_Studios_Code/LPC/eatryp/src/auth/services/registro.service.ts": {"path":"/home/Joaquin/Documentos/Visual_Studios_Code/LPC/eatryp/src/auth/services/registro.service.ts","statementMap":{"0":{"start":{"line":8,"column":0},"end":{"line":8,"column":7}},"1":{"start":{"line":1,"column":0},"end":{"line":1,"column":63}},"2":{"start":{"line":2,"column":0},"end":{"line":2,"column":52}},"3":{"start":{"line":6,"column":21},"end":{"line":6,"column":22}},"4":{"start":{"line":13,"column":27},"end":{"line":13,"column":74}},"5":{"start":{"line":14,"column":2},"end":{"line":14,"column":74}},"6":{"start":{"line":14,"column":24},"end":{"line":14,"column":74}},"7":{"start":{"line":16,"column":25},"end":{"line":16,"column":66}},"8":{"start":{"line":18,"column":23},"end":{"line":20,"column":4}},"9":{"start":{"line":22,"column":17},"end":{"line":22,"column":91}},"10":{"start":{"line":24,"column":19},"end":{"line":24,"column":29}},"11":{"start":{"line":25,"column":2},"end":{"line":25,"column":54}},"12":{"start":{"line":27,"column":2},"end":{"line":27,"column":99}},"13":{"start":{"line":29,"column":2},"end":{"line":33,"column":4}}},"fnMap":{"0":{"name":"crearNuevoUsuario","decl":{"start":{"line":8,"column":22},"end":{"line":8,"column":39}},"loc":{"start":{"line":11,"column":31},"end":{"line":34,"column":1}}}},"branchMap":{"0":{"loc":{"start":{"line":14,"column":2},"end":{"line":14,"column":74}},"type":"if","locations":[{"start":{"line":14,"column":2},"end":{"line":14,"column":74}},{"start":{},"end":{}}]}},"s":{"0":2,"1":2,"2":2,"3":2,"4":3,"5":3,"6":1,"7":2,"8":2,"9":2,"10":2,"11":2,"12":2,"13":2},"f":{"0":3},"b":{"0":[1,2]}}
,"/home/Joaquin/Documentos/Visual_Studios_Code/LPC/eatryp/src/auth/validaciones/autenticacion.ts": {"path":"/home/Joaquin/Documentos/Visual_Studios_Code/LPC/eatryp/src/auth/validaciones/autenticacion.ts","statementMap":{"0":{"start":{"line":9,"column":0},"end":{"line":9,"column":16}},"1":{"start":{"line":15,"column":0},"end":{"line":15,"column":16}},"2":{"start":{"line":23,"column":0},"end":{"line":23,"column":16}},"3":{"start":{"line":29,"column":0},"end":{"line":29,"column":16}},"4":{"start":{"line":41,"column":0},"end":{"line":41,"column":16}},"5":{"start":{"line":60,"column":0},"end":{"line":60,"column":16}},"6":{"start":{"line":6,"column":21},"end":{"line":6,"column":49}},"7":{"start":{"line":7,"column":35},"end":{"line":7,"column":36}},"8":{"start":{"line":10,"column":2},"end":{"line":10,"column":56}},"9":{"start":{"line":10,"column":22},"end":{"line":10,"column":56}},"10":{"start":{"line":11,"column":2},"end":{"line":11,"column":68}},"11":{"start":{"line":11,"column":34},"end":{"line":11,"column":68}},"12":{"start":{"line":12,"column":2},"end":{"line":12,"column":14}},"13":{"start":{"line":16,"column":2},"end":{"line":16,"column":57}},"14":{"start":{"line":16,"column":19},"end":{"line":16,"column":57}},"15":{"start":{"line":17,"column":2},"end":{"line":19,"column":3}},"16":{"start":{"line":18,"column":4},"end":{"line":18,"column":61}},"17":{"start":{"line":20,"column":2},"end":{"line":20,"column":14}},"18":{"start":{"line":24,"column":2},"end":{"line":24,"column":56}},"19":{"start":{"line":24,"column":22},"end":{"line":24,"column":56}},"20":{"start":{"line":25,"column":2},"end":{"line":25,"column":84}},"21":{"start":{"line":25,"column":32},"end":{"line":25,"column":84}},"22":{"start":{"line":26,"column":2},"end":{"line":26,"column":14}},"23":{"start":{"line":30,"column":32},"end":{"line":30,"column":34}},"24":{"start":{"line":32,"column":22},"end":{"line":32,"column":49}},"25":{"start":{"line":33,"column":2},"end":{"line":33,"column":75}},"26":{"start":{"line":33,"column":19},"end":{"line":33,"column":75}},"27":{"start":{"line":35,"column":26},"end":{"line":35,"column":61}},"28":{"start":{"line":36,"column":2},"end":{"line":36,"column":87}},"29":{"start":{"line":36,"column":23},"end":{"line":36,"column":87}},"30":{"start":{"line":38,"column":2},"end":{"line":38,"column":17}},"31":{"start":{"line":42,"column":32},"end":{"line":42,"column":34}},"32":{"start":{"line":44,"column":22},"end":{"line":44,"column":49}},"33":{"start":{"line":45,"column":2},"end":{"line":45,"column":75}},"34":{"start":{"line":45,"column":19},"end":{"line":45,"column":75}},"35":{"start":{"line":47,"column":22},"end":{"line":47,"column":49}},"36":{"start":{"line":48,"column":2},"end":{"line":48,"column":75}},"37":{"start":{"line":48,"column":19},"end":{"line":48,"column":75}},"38":{"start":{"line":50,"column":26},"end":{"line":50,"column":61}},"39":{"start":{"line":51,"column":2},"end":{"line":51,"column":87}},"40":{"start":{"line":51,"column":23},"end":{"line":51,"column":87}},"41":{"start":{"line":53,"column":2},"end":{"line":55,"column":3}},"42":{"start":{"line":54,"column":4},"end":{"line":54,"column":92}},"43":{"start":{"line":57,"column":2},"end":{"line":57,"column":17}},"44":{"start":{"line":61,"column":32},"end":{"line":61,"column":34}},"45":{"start":{"line":63,"column":22},"end":{"line":63,"column":49}},"46":{"start":{"line":64,"column":2},"end":{"line":64,"column":75}},"47":{"start":{"line":64,"column":19},"end":{"line":64,"column":75}},"48":{"start":{"line":66,"column":2},"end":{"line":66,"column":17}}},"fnMap":{"0":{"name":"validarCorreo","decl":{"start":{"line":9,"column":16},"end":{"line":9,"column":29}},"loc":{"start":{"line":9,"column":44},"end":{"line":13,"column":1}}},"1":{"name":"validarContrasena","decl":{"start":{"line":15,"column":16},"end":{"line":15,"column":33}},"loc":{"start":{"line":15,"column":52},"end":{"line":21,"column":1}}},"2":{"name":"validarNombre","decl":{"start":{"line":23,"column":16},"end":{"line":23,"column":29}},"loc":{"start":{"line":23,"column":44},"end":{"line":27,"column":1}}},"3":{"name":"validarInicioSesion","decl":{"start":{"line":29,"column":16},"end":{"line":29,"column":35}},"loc":{"start":{"line":29,"column":60},"end":{"line":39,"column":1}}},"4":{"name":"validarRegistro","decl":{"start":{"line":41,"column":16},"end":{"line":41,"column":31}},"loc":{"start":{"line":41,"column":52},"end":{"line":58,"column":1}}},"5":{"name":"validarRecuperacion","decl":{"start":{"line":60,"column":16},"end":{"line":60,"column":35}},"loc":{"start":{"line":60,"column":60},"end":{"line":67,"column":1}}}},"branchMap":{"0":{"loc":{"start":{"line":10,"column":2},"end":{"line":10,"column":56}},"type":"if","locations":[{"start":{"line":10,"column":2},"end":{"line":10,"column":56}},{"start":{},"end":{}}]},"1":{"loc":{"start":{"line":11,"column":2},"end":{"line":11,"column":68}},"type":"if","locations":[{"start":{"line":11,"column":2},"end":{"line":11,"column":68}},{"start":{},"end":{}}]},"2":{"loc":{"start":{"line":16,"column":2},"end":{"line":16,"column":57}},"type":"if","locations":[{"start":{"line":16,"column":2},"end":{"line":16,"column":57}},{"start":{},"end":{}}]},"3":{"loc":{"start":{"line":17,"column":2},"end":{"line":19,"column":3}},"type":"if","locations":[{"start":{"line":17,"column":2},"end":{"line":19,"column":3}},{"start":{},"end":{}}]},"4":{"loc":{"start":{"line":24,"column":2},"end":{"line":24,"column":56}},"type":"if","locations":[{"start":{"line":24,"column":2},"end":{"line":24,"column":56}},{"start":{},"end":{}}]},"5":{"loc":{"start":{"line":25,"column":2},"end":{"line":25,"column":84}},"type":"if","locations":[{"start":{"line":25,"column":2},"end":{"line":25,"column":84}},{"start":{},"end":{}}]},"6":{"loc":{"start":{"line":33,"column":2},"end":{"line":33,"column":75}},"type":"if","locations":[{"start":{"line":33,"column":2},"end":{"line":33,"column":75}},{"start":{},"end":{}}]},"7":{"loc":{"start":{"line":36,"column":2},"end":{"line":36,"column":87}},"type":"if","locations":[{"start":{"line":36,"column":2},"end":{"line":36,"column":87}},{"start":{},"end":{}}]},"8":{"loc":{"start":{"line":45,"column":2},"end":{"line":45,"column":75}},"type":"if","locations":[{"start":{"line":45,"column":2},"end":{"line":45,"column":75}},{"start":{},"end":{}}]},"9":{"loc":{"start":{"line":48,"column":2},"end":{"line":48,"column":75}},"type":"if","locations":[{"start":{"line":48,"column":2},"end":{"line":48,"column":75}},{"start":{},"end":{}}]},"10":{"loc":{"start":{"line":51,"column":2},"end":{"line":51,"column":87}},"type":"if","locations":[{"start":{"line":51,"column":2},"end":{"line":51,"column":87}},{"start":{},"end":{}}]},"11":{"loc":{"start":{"line":53,"column":2},"end":{"line":55,"column":3}},"type":"if","locations":[{"start":{"line":53,"column":2},"end":{"line":55,"column":3}},{"start":{},"end":{}}]},"12":{"loc":{"start":{"line":64,"column":2},"end":{"line":64,"column":75}},"type":"if","locations":[{"start":{"line":64,"column":2},"end":{"line":64,"column":75}},{"start":{},"end":{}}]}},"s":{"0":2,"1":2,"2":2,"3":2,"4":2,"5":2,"6":2,"7":2,"8":15,"9":5,"10":10,"11":1,"12":9,"13":12,"14":4,"15":8,"16":1,"17":7,"18":7,"19":2,"20":5,"21":1,"22":4,"23":5,"24":5,"25":5,"26":2,"27":5,"28":5,"29":2,"30":5,"31":4,"32":4,"33":4,"34":1,"35":4,"36":4,"37":1,"38":4,"39":4,"40":1,"41":4,"42":1,"43":4,"44":3,"45":3,"46":3,"47":1,"48":3},"f":{"0":15,"1":12,"2":7,"3":5,"4":4,"5":3},"b":{"0":[5,10],"1":[1,9],"2":[4,8],"3":[1,7],"4":[2,5],"5":[1,4],"6":[2,3],"7":[2,3],"8":[1,3],"9":[1,3],"10":[1,3],"11":[1,3],"12":[1,2]}}
,"/home/Joaquin/Documentos/Visual_Studios_Code/LPC/eatryp/src/deudas/controllers/deudas.controller.ts": {"path":"/home/Joaquin/Documentos/Visual_Studios_Code/LPC/eatryp/src/deudas/controllers/deudas.controller.ts","statementMap":{"0":{"start":{"line":6,"column":0},"end":{"line":6,"column":7}},"1":{"start":{"line":1,"column":0},"end":{"line":1,"column":56}},"2":{"start":{"line":2,"column":0},"end":{"line":2,"column":59}},"3":{"start":{"line":3,"column":0},"end":{"line":3,"column":75}},"4":{"start":{"line":4,"column":0},"end":{"line":4,"column":66}},"5":{"start":{"line":7,"column":2},"end":{"line":24,"column":3}},"6":{"start":{"line":8,"column":23},"end":{"line":8,"column":55}},"7":{"start":{"line":10,"column":4},"end":{"line":12,"column":5}},"8":{"start":{"line":11,"column":6},"end":{"line":11,"column":92}},"9":{"start":{"line":14,"column":18},"end":{"line":14,"column":42}},"10":{"start":{"line":15,"column":20},"end":{"line":15,"column":47}},"11":{"start":{"line":16,"column":20},"end":{"line":16,"column":70}},"12":{"start":{"line":18,"column":26},"end":{"line":18,"column":45}},"13":{"start":{"line":19,"column":19},"end":{"line":19,"column":87}},"14":{"start":{"line":21,"column":4},"end":{"line":21,"column":118}},"15":{"start":{"line":23,"column":4},"end":{"line":23,"column":114}}},"fnMap":{"0":{"name":"controladorDeudas","decl":{"start":{"line":6,"column":22},"end":{"line":6,"column":39}},"loc":{"start":{"line":6,"column":56},"end":{"line":25,"column":1}}}},"branchMap":{"0":{"loc":{"start":{"line":10,"column":4},"end":{"line":12,"column":5}},"type":"if","locations":[{"start":{"line":10,"column":4},"end":{"line":12,"column":5}},{"start":{},"end":{}}]},"1":{"loc":{"start":{"line":10,"column":8},"end":{"line":10,"column":56}},"type":"binary-expr","locations":[{"start":{"line":10,"column":8},"end":{"line":10,"column":19}},{"start":{"line":10,"column":23},"end":{"line":10,"column":56}}]},"2":{"loc":{"start":{"line":16,"column":20},"end":{"line":16,"column":70}},"type":"binary-expr","locations":[{"start":{"line":16,"column":20},"end":{"line":16,"column":57}},{"start":{"line":16,"column":61},"end":{"line":16,"column":70}}]},"3":{"loc":{"start":{"line":23,"column":54},"end":{"line":23,"column":93}},"type":"binary-expr","locations":[{"start":{"line":23,"column":54},"end":{"line":23,"column":67}},{"start":{"line":23,"column":71},"end":{"line":23,"column":93}}]}},"s":{"0":1,"1":1,"2":1,"3":1,"4":1,"5":4,"6":4,"7":4,"8":1,"9":3,"10":3,"11":2,"12":2,"13":2,"14":2,"15":1},"f":{"0":4},"b":{"0":[1,3],"1":[4,3],"2":[2,1],"3":[1,0]}}
,"/home/Joaquin/Documentos/Visual_Studios_Code/LPC/eatryp/src/deudas/services/deudas.service.ts": {"path":"/home/Joaquin/Documentos/Visual_Studios_Code/LPC/eatryp/src/deudas/services/deudas.service.ts","statementMap":{"0":{"start":{"line":4,"column":0},"end":{"line":4,"column":7}},"1":{"start":{"line":9,"column":17},"end":{"line":9,"column":70}},"2":{"start":{"line":11,"column":30},"end":{"line":11,"column":32}},"3":{"start":{"line":12,"column":32},"end":{"line":12,"column":34}},"4":{"start":{"line":14,"column":2},"end":{"line":28,"column":3}},"5":{"start":{"line":15,"column":28},"end":{"line":21,"column":6}},"6":{"start":{"line":23,"column":4},"end":{"line":27,"column":5}},"7":{"start":{"line":24,"column":6},"end":{"line":24,"column":24}},"8":{"start":{"line":26,"column":6},"end":{"line":26,"column":26}},"9":{"start":{"line":30,"column":2},"end":{"line":30,"column":30}}},"fnMap":{"0":{"name":"obtenerDeudasPendientes","decl":{"start":{"line":4,"column":22},"end":{"line":4,"column":45}},"loc":{"start":{"line":7,"column":18},"end":{"line":31,"column":1}}}},"branchMap":{"0":{"loc":{"start":{"line":19,"column":19},"end":{"line":19,"column":79}},"type":"cond-expr","locations":[{"start":{"line":19,"column":50},"end":{"line":19,"column":64}},{"start":{"line":19,"column":67},"end":{"line":19,"column":79}}]},"1":{"loc":{"start":{"line":23,"column":4},"end":{"line":27,"column":5}},"type":"if","locations":[{"start":{"line":23,"column":4},"end":{"line":27,"column":5}},{"start":{"line":25,"column":11},"end":{"line":27,"column":5}}]}},"s":{"0":2,"1":5,"2":5,"3":5,"4":5,"5":4,"6":4,"7":3,"8":1,"9":5},"f":{"0":5},"b":{"0":[3,1],"1":[3,1]}}
,"/home/Joaquin/Documentos/Visual_Studios_Code/LPC/eatryp/src/deudas/services/generarDeudas.service.ts": {"path":"/home/Joaquin/Documentos/Visual_Studios_Code/LPC/eatryp/src/deudas/services/generarDeudas.service.ts","statementMap":{"0":{"start":{"line":15,"column":0},"end":{"line":15,"column":7}},"1":{"start":{"line":12,"column":2},"end":{"line":12,"column":39}},"2":{"start":{"line":21,"column":24},"end":{"line":21,"column":75}},"3":{"start":{"line":22,"column":24},"end":{"line":22,"column":44}},"4":{"start":{"line":24,"column":2},"end":{"line":24,"column":33}},"5":{"start":{"line":24,"column":26},"end":{"line":24,"column":33}},"6":{"start":{"line":26,"column":26},"end":{"line":26,"column":75}},"7":{"start":{"line":26,"column":62},"end":{"line":26,"column":73}},"8":{"start":{"line":27,"column":19},"end":{"line":27,"column":97}},"9":{"start":{"line":27,"column":44},"end":{"line":27,"column":55}},"10":{"start":{"line":27,"column":72},"end":{"line":27,"column":96}},"11":{"start":{"line":29,"column":2},"end":{"line":29,"column":36}},"12":{"start":{"line":29,"column":29},"end":{"line":29,"column":36}},"13":{"start":{"line":31,"column":26},"end":{"line":31,"column":53}},"14":{"start":{"line":32,"column":27},"end":{"line":32,"column":76}},"15":{"start":{"line":34,"column":23},"end":{"line":41,"column":null}},"16":{"start":{"line":35,"column":4},"end":{"line":41,"column":7}},"17":{"start":{"line":35,"column":46},"end":{"line":41,"column":6}},"18":{"start":{"line":44,"column":2},"end":{"line":44,"column":48}}},"fnMap":{"0":{"name":"redondear","decl":{"start":{"line":11,"column":9},"end":{"line":11,"column":18}},"loc":{"start":{"line":11,"column":32},"end":{"line":13,"column":1}}},"1":{"name":"generarDeudas","decl":{"start":{"line":15,"column":22},"end":{"line":15,"column":35}},"loc":{"start":{"line":19,"column":13},"end":{"line":45,"column":1}}},"2":{"name":"(anonymous_2)","decl":{"start":{"line":26,"column":55},"end":{"line":26,"column":56}},"loc":{"start":{"line":26,"column":62},"end":{"line":26,"column":73}}},"3":{"name":"(anonymous_3)","decl":{"start":{"line":27,"column":37},"end":{"line":27,"column":38}},"loc":{"start":{"line":27,"column":44},"end":{"line":27,"column":55}}},"4":{"name":"(anonymous_4)","decl":{"start":{"line":27,"column":64},"end":{"line":27,"column":65}},"loc":{"start":{"line":27,"column":72},"end":{"line":27,"column":96}}},"5":{"name":"(anonymous_5)","decl":{"start":{"line":34,"column":40},"end":{"line":34,"column":41}},"loc":{"start":{"line":35,"column":4},"end":{"line":41,"column":7}}},"6":{"name":"(anonymous_6)","decl":{"start":{"line":35,"column":29},"end":{"line":35,"column":30}},"loc":{"start":{"line":35,"column":46},"end":{"line":41,"column":6}}}},"branchMap":{"0":{"loc":{"start":{"line":24,"column":2},"end":{"line":24,"column":33}},"type":"if","locations":[{"start":{"line":24,"column":2},"end":{"line":24,"column":33}},{"start":{},"end":{}}]},"1":{"loc":{"start":{"line":29,"column":2},"end":{"line":29,"column":36}},"type":"if","locations":[{"start":{"line":29,"column":2},"end":{"line":29,"column":36}},{"start":{},"end":{}}]}},"s":{"0":1,"1":1,"2":3,"3":3,"4":3,"5":1,"6":2,"7":4,"8":2,"9":5,"10":5,"11":2,"12":1,"13":1,"14":1,"15":1,"16":1,"17":2,"18":1},"f":{"0":1,"1":3,"2":4,"3":5,"4":5,"5":1,"6":2},"b":{"0":[1,2],"1":[1,1]}}
,"/home/Joaquin/Documentos/Visual_Studios_Code/LPC/eatryp/src/gastos/controllers/gasto.controller.ts": {"path":"/home/Joaquin/Documentos/Visual_Studios_Code/LPC/eatryp/src/gastos/controllers/gasto.controller.ts","statementMap":{"0":{"start":{"line":20,"column":0},"end":{"line":20,"column":7}},"1":{"start":{"line":48,"column":0},"end":{"line":48,"column":7}},"2":{"start":{"line":62,"column":0},"end":{"line":62,"column":7}},"3":{"start":{"line":1,"column":0},"end":{"line":1,"column":56}},"4":{"start":{"line":2,"column":0},"end":{"line":2,"column":107}},"5":{"start":{"line":3,"column":0},"end":{"line":3,"column":59}},"6":{"start":{"line":4,"column":0},"end":{"line":4,"column":59}},"7":{"start":{"line":5,"column":0},"end":{"line":5,"column":66}},"8":{"start":{"line":6,"column":0},"end":{"line":6,"column":76}},"9":{"start":{"line":9,"column":21},"end":{"line":9,"column":53}},"10":{"start":{"line":10,"column":2},"end":{"line":12,"column":3}},"11":{"start":{"line":11,"column":4},"end":{"line":11,"column":101}},"12":{"start":{"line":13,"column":2},"end":{"line":17,"column":3}},"13":{"start":{"line":14,"column":4},"end":{"line":14,"column":71}},"14":{"start":{"line":16,"column":4},"end":{"line":16,"column":113}},"15":{"start":{"line":21,"column":2},"end":{"line":45,"column":3}},"16":{"start":{"line":22,"column":31},"end":{"line":22,"column":50}},"17":{"start":{"line":23,"column":4},"end":{"line":23,"column":28}},"18":{"start":{"line":23,"column":15},"end":{"line":23,"column":28}},"19":{"start":{"line":25,"column":19},"end":{"line":25,"column":35}},"20":{"start":{"line":26,"column":20},"end":{"line":26,"column":40}},"21":{"start":{"line":28,"column":4},"end":{"line":30,"column":5}},"22":{"start":{"line":29,"column":6},"end":{"line":29,"column":103}},"23":{"start":{"line":32,"column":17},"end":{"line":32,"column":36}},"24":{"start":{"line":33,"column":23},"end":{"line":39,"column":null}},"25":{"start":{"line":42,"column":4},"end":{"line":42,"column":125}},"26":{"start":{"line":44,"column":4},"end":{"line":44,"column":88}},"27":{"start":{"line":49,"column":2},"end":{"line":59,"column":3}},"28":{"start":{"line":50,"column":22},"end":{"line":50,"column":41}},"29":{"start":{"line":51,"column":4},"end":{"line":51,"column":28}},"30":{"start":{"line":51,"column":15},"end":{"line":51,"column":28}},"31":{"start":{"line":53,"column":26},"end":{"line":53,"column":45}},"32":{"start":{"line":54,"column":19},"end":{"line":54,"column":49}},"33":{"start":{"line":56,"column":4},"end":{"line":56,"column":78}},"34":{"start":{"line":58,"column":4},"end":{"line":58,"column":88}},"35":{"start":{"line":63,"column":2},"end":{"line":73,"column":3}},"36":{"start":{"line":64,"column":31},"end":{"line":64,"column":50}},"37":{"start":{"line":65,"column":4},"end":{"line":65,"column":28}},"38":{"start":{"line":65,"column":15},"end":{"line":65,"column":28}},"39":{"start":{"line":67,"column":33},"end":{"line":67,"column":52}},"40":{"start":{"line":68,"column":21},"end":{"line":68,"column":90}},"41":{"start":{"line":70,"column":4},"end":{"line":70,"column":80}},"42":{"start":{"line":72,"column":4},"end":{"line":72,"column":88}}},"fnMap":{"0":{"name":"extraerPayload","decl":{"start":{"line":8,"column":9},"end":{"line":8,"column":23}},"loc":{"start":{"line":8,"column":40},"end":{"line":18,"column":1}}},"1":{"name":"controladorCrearGasto","decl":{"start":{"line":20,"column":22},"end":{"line":20,"column":43}},"loc":{"start":{"line":20,"column":60},"end":{"line":46,"column":1}}},"2":{"name":"controladorObtenerGastos","decl":{"start":{"line":48,"column":22},"end":{"line":48,"column":46}},"loc":{"start":{"line":48,"column":63},"end":{"line":60,"column":1}}},"3":{"name":"controladorObtenerOpciones","decl":{"start":{"line":62,"column":22},"end":{"line":62,"column":48}},"loc":{"start":{"line":62,"column":65},"end":{"line":74,"column":1}}}},"branchMap":{"0":{"loc":{"start":{"line":10,"column":2},"end":{"line":12,"column":3}},"type":"if","locations":[{"start":{"line":10,"column":2},"end":{"line":12,"column":3}},{"start":{},"end":{}}]},"1":{"loc":{"start":{"line":10,"column":7},"end":{"line":10,"column":40}},"type":"cond-expr","locations":[{"start":{"line":10,"column":17},"end":{"line":10,"column":19}},{"start":{"line":10,"column":7},"end":{"line":10,"column":40}}]},"2":{"loc":{"start":{"line":10,"column":7},"end":{"line":10,"column":19}},"type":"binary-expr","locations":[{"start":{"line":10,"column":7},"end":{"line":10,"column":19}},{"start":{"line":10,"column":7},"end":{"line":10,"column":19}}]},"3":{"loc":{"start":{"line":23,"column":4},"end":{"line":23,"column":28}},"type":"if","locations":[{"start":{"line":23,"column":4},"end":{"line":23,"column":28}},{"start":{},"end":{}}]},"4":{"loc":{"start":{"line":28,"column":4},"end":{"line":30,"column":5}},"type":"if","locations":[{"start":{"line":28,"column":4},"end":{"line":30,"column":5}},{"start":{},"end":{}}]},"5":{"loc":{"start":{"line":34,"column":30},"end":{"line":34,"column":68}},"type":"binary-expr","locations":[{"start":{"line":34,"column":30},"end":{"line":34,"column":46}},{"start":{"line":34,"column":50},"end":{"line":34,"column":68}}]},"6":{"loc":{"start":{"line":51,"column":4},"end":{"line":51,"column":28}},"type":"if","locations":[{"start":{"line":51,"column":4},"end":{"line":51,"column":28}},{"start":{},"end":{}}]},"7":{"loc":{"start":{"line":65,"column":4},"end":{"line":65,"column":28}},"type":"if","locations":[{"start":{"line":65,"column":4},"end":{"line":65,"column":28}},{"start":{},"end":{}}]}},"s":{"0":1,"1":1,"2":1,"3":1,"4":1,"5":1,"6":1,"7":1,"8":1,"9":6,"10":6,"11":2,"12":4,"13":4,"14":0,"15":3,"16":3,"17":3,"18":1,"19":2,"20":2,"21":2,"22":1,"23":1,"24":1,"25":1,"26":0,"27":2,"28":2,"29":2,"30":1,"31":1,"32":1,"33":1,"34":0,"35":1,"36":1,"37":1,"38":0,"39":1,"40":1,"41":1,"42":0},"f":{"0":6,"1":3,"2":2,"3":1},"b":{"0":[2,4],"1":[2,4],"2":[6,4],"3":[1,2],"4":[1,1],"5":[1,1],"6":[1,1],"7":[0,1]}}
,"/home/Joaquin/Documentos/Visual_Studios_Code/LPC/eatryp/src/gastos/services/gasto.service.ts": {"path":"/home/Joaquin/Documentos/Visual_Studios_Code/LPC/eatryp/src/gastos/services/gasto.service.ts","statementMap":{"0":{"start":{"line":8,"column":0},"end":{"line":8,"column":7}},"1":{"start":{"line":76,"column":0},"end":{"line":76,"column":7}},"2":{"start":{"line":80,"column":0},"end":{"line":80,"column":7}},"3":{"start":{"line":16,"column":2},"end":{"line":73,"column":5}},"4":{"start":{"line":17,"column":4},"end":{"line":19,"column":5}},"5":{"start":{"line":18,"column":6},"end":{"line":18,"column":77}},"6":{"start":{"line":21,"column":23},"end":{"line":30,"column":null}},"7":{"start":{"line":33,"column":4},"end":{"line":43,"column":5}},"8":{"start":{"line":34,"column":6},"end":{"line":42,"column":8}},"9":{"start":{"line":35,"column":39},"end":{"line":40,"column":10}},"10":{"start":{"line":45,"column":4},"end":{"line":70,"column":5}},"11":{"start":{"line":46,"column":28},"end":{"line":46,"column":79}},"12":{"start":{"line":47,"column":28},"end":{"line":47,"column":48}},"13":{"start":{"line":49,"column":6},"end":{"line":69,"column":7}},"14":{"start":{"line":50,"column":32},"end":{"line":50,"column":81}},"15":{"start":{"line":50,"column":68},"end":{"line":50,"column":79}},"16":{"start":{"line":51,"column":25},"end":{"line":51,"column":103}},"17":{"start":{"line":51,"column":50},"end":{"line":51,"column":61}},"18":{"start":{"line":51,"column":78},"end":{"line":51,"column":102}},"19":{"start":{"line":53,"column":8},"end":{"line":68,"column":9}},"20":{"start":{"line":54,"column":34},"end":{"line":54,"column":69}},"21":{"start":{"line":55,"column":35},"end":{"line":55,"column":99}},"22":{"start":{"line":57,"column":31},"end":{"line":64,"column":null}},"23":{"start":{"line":58,"column":12},"end":{"line":64,"column":15}},"24":{"start":{"line":58,"column":54},"end":{"line":64,"column":14}},"25":{"start":{"line":67,"column":10},"end":{"line":67,"column":56}},"26":{"start":{"line":72,"column":4},"end":{"line":72,"column":55}},"27":{"start":{"line":77,"column":2},"end":{"line":77,"column":34}},"28":{"start":{"line":84,"column":24},"end":{"line":84,"column":69}},"29":{"start":{"line":85,"column":17},"end":{"line":85,"column":87}},"30":{"start":{"line":85,"column":43},"end":{"line":85,"column":85}},"31":{"start":{"line":86,"column":19},"end":{"line":86,"column":42}},"32":{"start":{"line":86,"column":37},"end":{"line":86,"column":41}},"33":{"start":{"line":87,"column":19},"end":{"line":87,"column":69}},"34":{"start":{"line":88,"column":25},"end":{"line":88,"column":100}},"35":{"start":{"line":88,"column":64},"end":{"line":88,"column":88}},"36":{"start":{"line":89,"column":2},"end":{"line":89,"column":46}}},"fnMap":{"0":{"name":"registrarGasto","decl":{"start":{"line":8,"column":22},"end":{"line":8,"column":36}},"loc":{"start":{"line":14,"column":22},"end":{"line":74,"column":1}}},"1":{"name":"(anonymous_1)","decl":{"start":{"line":16,"column":30},"end":{"line":16,"column":35}},"loc":{"start":{"line":16,"column":43},"end":{"line":73,"column":3}}},"2":{"name":"(anonymous_2)","decl":{"start":{"line":35,"column":29},"end":{"line":35,"column":30}},"loc":{"start":{"line":35,"column":39},"end":{"line":40,"column":10}}},"3":{"name":"(anonymous_3)","decl":{"start":{"line":50,"column":61},"end":{"line":50,"column":62}},"loc":{"start":{"line":50,"column":68},"end":{"line":50,"column":79}}},"4":{"name":"(anonymous_4)","decl":{"start":{"line":51,"column":43},"end":{"line":51,"column":44}},"loc":{"start":{"line":51,"column":50},"end":{"line":51,"column":61}}},"5":{"name":"(anonymous_5)","decl":{"start":{"line":51,"column":70},"end":{"line":51,"column":71}},"loc":{"start":{"line":51,"column":78},"end":{"line":51,"column":102}}},"6":{"name":"(anonymous_6)","decl":{"start":{"line":57,"column":48},"end":{"line":57,"column":49}},"loc":{"start":{"line":58,"column":12},"end":{"line":64,"column":15}}},"7":{"name":"(anonymous_7)","decl":{"start":{"line":58,"column":37},"end":{"line":58,"column":38}},"loc":{"start":{"line":58,"column":54},"end":{"line":64,"column":14}}},"8":{"name":"obtenerGastos","decl":{"start":{"line":76,"column":22},"end":{"line":76,"column":35}},"loc":{"start":{"line":76,"column":63},"end":{"line":78,"column":1}}},"9":{"name":"obtenerOpcionesFormulario","decl":{"start":{"line":80,"column":22},"end":{"line":80,"column":47}},"loc":{"start":{"line":82,"column":38},"end":{"line":90,"column":1}}},"10":{"name":"(anonymous_10)","decl":{"start":{"line":85,"column":35},"end":{"line":85,"column":36}},"loc":{"start":{"line":85,"column":43},"end":{"line":85,"column":85}}},"11":{"name":"(anonymous_11)","decl":{"start":{"line":86,"column":30},"end":{"line":86,"column":31}},"loc":{"start":{"line":86,"column":37},"end":{"line":86,"column":41}}},"12":{"name":"(anonymous_12)","decl":{"start":{"line":88,"column":57},"end":{"line":88,"column":58}},"loc":{"start":{"line":88,"column":64},"end":{"line":88,"column":88}}}},"branchMap":{"0":{"loc":{"start":{"line":17,"column":4},"end":{"line":19,"column":5}},"type":"if","locations":[{"start":{"line":17,"column":4},"end":{"line":19,"column":5}},{"start":{},"end":{}}]},"1":{"loc":{"start":{"line":17,"column":8},"end":{"line":17,"column":42}},"type":"binary-expr","locations":[{"start":{"line":17,"column":8},"end":{"line":17,"column":22}},{"start":{"line":17,"column":26},"end":{"line":17,"column":42}}]},"2":{"loc":{"start":{"line":25,"column":15},"end":{"line":25,"column":31}},"type":"cond-expr","locations":[{"start":{"line":25,"column":26},"end":{"line":25,"column":30}},{"start":{"line":25,"column":30},"end":{"line":25,"column":31}}]},"3":{"loc":{"start":{"line":25,"column":15},"end":{"line":25,"column":30}},"type":"binary-expr","locations":[{"start":{"line":25,"column":15},"end":{"line":25,"column":30}},{"start":{"line":25,"column":26},"end":{"line":25,"column":30}}]},"4":{"loc":{"start":{"line":26,"column":21},"end":{"line":26,"column":44}},"type":"cond-expr","locations":[{"start":{"line":26,"column":38},"end":{"line":26,"column":42}},{"start":{"line":26,"column":42},"end":{"line":26,"column":44}}]},"5":{"loc":{"start":{"line":26,"column":21},"end":{"line":26,"column":42}},"type":"binary-expr","locations":[{"start":{"line":26,"column":21},"end":{"line":26,"column":42}},{"start":{"line":26,"column":38},"end":{"line":26,"column":42}}]},"6":{"loc":{"start":{"line":27,"column":19},"end":{"line":27,"column":40}},"type":"cond-expr","locations":[{"start":{"line":27,"column":34},"end":{"line":27,"column":38}},{"start":{"line":27,"column":38},"end":{"line":27,"column":40}}]},"7":{"loc":{"start":{"line":27,"column":19},"end":{"line":27,"column":38}},"type":"binary-expr","locations":[{"start":{"line":27,"column":19},"end":{"line":27,"column":38}},{"start":{"line":27,"column":34},"end":{"line":27,"column":38}}]},"8":{"loc":{"start":{"line":28,"column":19},"end":{"line":28,"column":42}},"type":"cond-expr","locations":[{"start":{"line":28,"column":34},"end":{"line":28,"column":38}},{"start":{"line":28,"column":38},"end":{"line":28,"column":42}}]},"9":{"loc":{"start":{"line":28,"column":19},"end":{"line":28,"column":38}},"type":"binary-expr","locations":[{"start":{"line":28,"column":19},"end":{"line":28,"column":38}},{"start":{"line":28,"column":34},"end":{"line":28,"column":38}}]},"10":{"loc":{"start":{"line":33,"column":4},"end":{"line":43,"column":5}},"type":"if","locations":[{"start":{"line":33,"column":4},"end":{"line":43,"column":5}},{"start":{},"end":{}}]},"11":{"loc":{"start":{"line":33,"column":8},"end":{"line":33,"column":55}},"type":"binary-expr","locations":[{"start":{"line":33,"column":8},"end":{"line":33,"column":24}},{"start":{"line":33,"column":28},"end":{"line":33,"column":55}}]},"12":{"loc":{"start":{"line":45,"column":4},"end":{"line":70,"column":5}},"type":"if","locations":[{"start":{"line":45,"column":4},"end":{"line":70,"column":5}},{"start":{},"end":{}}]},"13":{"loc":{"start":{"line":45,"column":8},"end":{"line":45,"column":55}},"type":"binary-expr","locations":[{"start":{"line":45,"column":8},"end":{"line":45,"column":24}},{"start":{"line":45,"column":28},"end":{"line":45,"column":55}}]},"14":{"loc":{"start":{"line":49,"column":6},"end":{"line":69,"column":7}},"type":"if","locations":[{"start":{"line":49,"column":6},"end":{"line":69,"column":7}},{"start":{},"end":{}}]},"15":{"loc":{"start":{"line":53,"column":8},"end":{"line":68,"column":9}},"type":"if","locations":[{"start":{"line":53,"column":8},"end":{"line":68,"column":9}},{"start":{},"end":{}}]}},"s":{"0":2,"1":2,"2":2,"3":3,"4":3,"5":1,"6":2,"7":2,"8":2,"9":3,"10":2,"11":2,"12":2,"13":2,"14":2,"15":3,"16":2,"17":5,"18":5,"19":2,"20":2,"21":2,"22":2,"23":2,"24":3,"25":2,"26":2,"27":2,"28":2,"29":2,"30":2,"31":2,"32":2,"33":2,"34":2,"35":4,"36":2},"f":{"0":3,"1":3,"2":3,"3":3,"4":5,"5":5,"6":2,"7":3,"8":2,"9":2,"10":2,"11":2,"12":4},"b":{"0":[1,2],"1":[3,2],"2":[2,0],"3":[2,2],"4":[1,1],"5":[2,2],"6":[1,1],"7":[2,2],"8":[0,2],"9":[2,2],"10":[2,0],"11":[2,2],"12":[2,0],"13":[2,2],"14":[2,0],"15":[2,0]}}
,"/home/Joaquin/Documentos/Visual_Studios_Code/LPC/eatryp/src/gastos/validaciones/gasto.ts": {"path":"/home/Joaquin/Documentos/Visual_Studios_Code/LPC/eatryp/src/gastos/validaciones/gasto.ts","statementMap":{"0":{"start":{"line":5,"column":0},"end":{"line":5,"column":16}},"1":{"start":{"line":11,"column":0},"end":{"line":11,"column":16}},"2":{"start":{"line":18,"column":0},"end":{"line":18,"column":16}},"3":{"start":{"line":25,"column":0},"end":{"line":25,"column":16}},"4":{"start":{"line":30,"column":0},"end":{"line":30,"column":16}},"5":{"start":{"line":6,"column":2},"end":{"line":6,"column":72}},"6":{"start":{"line":6,"column":60},"end":{"line":6,"column":72}},"7":{"start":{"line":7,"column":2},"end":{"line":7,"column":57}},"8":{"start":{"line":7,"column":17},"end":{"line":7,"column":57}},"9":{"start":{"line":8,"column":2},"end":{"line":8,"column":14}},"10":{"start":{"line":12,"column":2},"end":{"line":12,"column":32}},"11":{"start":{"line":12,"column":20},"end":{"line":12,"column":32}},"12":{"start":{"line":13,"column":2},"end":{"line":13,"column":94}},"13":{"start":{"line":13,"column":37},"end":{"line":13,"column":94}},"14":{"start":{"line":14,"column":2},"end":{"line":14,"column":99}},"15":{"start":{"line":14,"column":39},"end":{"line":14,"column":99}},"16":{"start":{"line":15,"column":2},"end":{"line":15,"column":14}},"17":{"start":{"line":19,"column":28},"end":{"line":19,"column":95}},"18":{"start":{"line":20,"column":2},"end":{"line":20,"column":30}},"19":{"start":{"line":20,"column":18},"end":{"line":20,"column":30}},"20":{"start":{"line":21,"column":2},"end":{"line":21,"column":75}},"21":{"start":{"line":21,"column":46},"end":{"line":21,"column":75}},"22":{"start":{"line":22,"column":2},"end":{"line":22,"column":14}},"23":{"start":{"line":26,"column":2},"end":{"line":26,"column":97}},"24":{"start":{"line":26,"column":41},"end":{"line":26,"column":97}},"25":{"start":{"line":27,"column":2},"end":{"line":27,"column":14}},"26":{"start":{"line":31,"column":37},"end":{"line":31,"column":39}},"27":{"start":{"line":33,"column":21},"end":{"line":33,"column":46}},"28":{"start":{"line":34,"column":2},"end":{"line":34,"column":72}},"29":{"start":{"line":34,"column":18},"end":{"line":34,"column":72}},"30":{"start":{"line":36,"column":27},"end":{"line":36,"column":64}},"31":{"start":{"line":37,"column":2},"end":{"line":37,"column":90}},"32":{"start":{"line":37,"column":24},"end":{"line":37,"column":90}},"33":{"start":{"line":39,"column":25},"end":{"line":39,"column":58}},"34":{"start":{"line":40,"column":2},"end":{"line":40,"column":84}},"35":{"start":{"line":40,"column":22},"end":{"line":40,"column":84}},"36":{"start":{"line":42,"column":21},"end":{"line":42,"column":48}},"37":{"start":{"line":43,"column":2},"end":{"line":43,"column":74}},"38":{"start":{"line":43,"column":18},"end":{"line":43,"column":74}},"39":{"start":{"line":46,"column":2},"end":{"line":87,"column":3}},"40":{"start":{"line":47,"column":4},"end":{"line":54,"column":7}},"41":{"start":{"line":48,"column":6},"end":{"line":50,"column":7}},"42":{"start":{"line":49,"column":8},"end":{"line":49,"column":113}},"43":{"start":{"line":51,"column":6},"end":{"line":53,"column":7}},"44":{"start":{"line":52,"column":8},"end":{"line":52,"column":118}},"45":{"start":{"line":56,"column":23},"end":{"line":56,"column":39}},"46":{"start":{"line":57,"column":4},"end":{"line":86,"column":5}},"47":{"start":{"line":59,"column":32},"end":{"line":59,"column":91}},"48":{"start":{"line":59,"column":63},"end":{"line":59,"column":90}},"49":{"start":{"line":60,"column":6},"end":{"line":73,"column":7}},"50":{"start":{"line":61,"column":27},"end":{"line":61,"column":89}},"51":{"start":{"line":61,"column":64},"end":{"line":61,"column":85}},"52":{"start":{"line":62,"column":8},"end":{"line":72,"column":9}},"53":{"start":{"line":63,"column":27},"end":{"line":63,"column":101}},"54":{"start":{"line":64,"column":27},"end":{"line":64,"column":101}},"55":{"start":{"line":65,"column":10},"end":{"line":71,"column":13}},"56":{"start":{"line":76,"column":35},"end":{"line":76,"column":98}},"57":{"start":{"line":76,"column":66},"end":{"line":76,"column":97}},"58":{"start":{"line":77,"column":6},"end":{"line":85,"column":7}},"59":{"start":{"line":78,"column":24},"end":{"line":78,"column":89}},"60":{"start":{"line":78,"column":64},"end":{"line":78,"column":85}},"61":{"start":{"line":79,"column":8},"end":{"line":84,"column":9}},"62":{"start":{"line":80,"column":10},"end":{"line":83,"column":13}},"63":{"start":{"line":89,"column":2},"end":{"line":89,"column":17}}},"fnMap":{"0":{"name":"validarMonto","decl":{"start":{"line":5,"column":16},"end":{"line":5,"column":28}},"loc":{"start":{"line":5,"column":61},"end":{"line":9,"column":1}}},"1":{"name":"validarDescripcion","decl":{"start":{"line":11,"column":16},"end":{"line":11,"column":34}},"loc":{"start":{"line":11,"column":73},"end":{"line":16,"column":1}}},"2":{"name":"validarCategoria","decl":{"start":{"line":18,"column":16},"end":{"line":18,"column":32}},"loc":{"start":{"line":18,"column":69},"end":{"line":23,"column":1}}},"3":{"name":"validarGrupo","decl":{"start":{"line":25,"column":16},"end":{"line":25,"column":28}},"loc":{"start":{"line":25,"column":63},"end":{"line":28,"column":1}}},"4":{"name":"validarGasto","decl":{"start":{"line":30,"column":16},"end":{"line":30,"column":28}},"loc":{"start":{"line":30,"column":46},"end":{"line":90,"column":1}}},"5":{"name":"(anonymous_5)","decl":{"start":{"line":47,"column":29},"end":{"line":47,"column":30}},"loc":{"start":{"line":47,"column":40},"end":{"line":54,"column":5}}},"6":{"name":"(anonymous_6)","decl":{"start":{"line":59,"column":56},"end":{"line":59,"column":57}},"loc":{"start":{"line":59,"column":63},"end":{"line":59,"column":90}}},"7":{"name":"(anonymous_7)","decl":{"start":{"line":61,"column":52},"end":{"line":61,"column":53}},"loc":{"start":{"line":61,"column":64},"end":{"line":61,"column":85}}},"8":{"name":"(anonymous_8)","decl":{"start":{"line":76,"column":59},"end":{"line":76,"column":60}},"loc":{"start":{"line":76,"column":66},"end":{"line":76,"column":97}}},"9":{"name":"(anonymous_9)","decl":{"start":{"line":78,"column":52},"end":{"line":78,"column":53}},"loc":{"start":{"line":78,"column":64},"end":{"line":78,"column":85}}}},"branchMap":{"0":{"loc":{"start":{"line":6,"column":2},"end":{"line":6,"column":72}},"type":"if","locations":[{"start":{"line":6,"column":2},"end":{"line":6,"column":72}},{"start":{},"end":{}}]},"1":{"loc":{"start":{"line":6,"column":6},"end":{"line":6,"column":58}},"type":"binary-expr","locations":[{"start":{"line":6,"column":6},"end":{"line":6,"column":25}},{"start":{"line":6,"column":29},"end":{"line":6,"column":43}},{"start":{"line":6,"column":47},"end":{"line":6,"column":58}}]},"2":{"loc":{"start":{"line":7,"column":2},"end":{"line":7,"column":57}},"type":"if","locations":[{"start":{"line":7,"column":2},"end":{"line":7,"column":57}},{"start":{},"end":{}}]},"3":{"loc":{"start":{"line":12,"column":2},"end":{"line":12,"column":32}},"type":"if","locations":[{"start":{"line":12,"column":2},"end":{"line":12,"column":32}},{"start":{},"end":{}}]},"4":{"loc":{"start":{"line":13,"column":2},"end":{"line":13,"column":94}},"type":"if","locations":[{"start":{"line":13,"column":2},"end":{"line":13,"column":94}},{"start":{},"end":{}}]},"5":{"loc":{"start":{"line":14,"column":2},"end":{"line":14,"column":99}},"type":"if","locations":[{"start":{"line":14,"column":2},"end":{"line":14,"column":99}},{"start":{},"end":{}}]},"6":{"loc":{"start":{"line":20,"column":2},"end":{"line":20,"column":30}},"type":"if","locations":[{"start":{"line":20,"column":2},"end":{"line":20,"column":30}},{"start":{},"end":{}}]},"7":{"loc":{"start":{"line":21,"column":2},"end":{"line":21,"column":75}},"type":"if","locations":[{"start":{"line":21,"column":2},"end":{"line":21,"column":75}},{"start":{},"end":{}}]},"8":{"loc":{"start":{"line":26,"column":2},"end":{"line":26,"column":97}},"type":"if","locations":[{"start":{"line":26,"column":2},"end":{"line":26,"column":97}},{"start":{},"end":{}}]},"9":{"loc":{"start":{"line":26,"column":6},"end":{"line":26,"column":39}},"type":"binary-expr","locations":[{"start":{"line":26,"column":6},"end":{"line":26,"column":14}},{"start":{"line":26,"column":18},"end":{"line":26,"column":39}}]},"10":{"loc":{"start":{"line":34,"column":2},"end":{"line":34,"column":72}},"type":"if","locations":[{"start":{"line":34,"column":2},"end":{"line":34,"column":72}},{"start":{},"end":{}}]},"11":{"loc":{"start":{"line":37,"column":2},"end":{"line":37,"column":90}},"type":"if","locations":[{"start":{"line":37,"column":2},"end":{"line":37,"column":90}},{"start":{},"end":{}}]},"12":{"loc":{"start":{"line":40,"column":2},"end":{"line":40,"column":84}},"type":"if","locations":[{"start":{"line":40,"column":2},"end":{"line":40,"column":84}},{"start":{},"end":{}}]},"13":{"loc":{"start":{"line":43,"column":2},"end":{"line":43,"column":74}},"type":"if","locations":[{"start":{"line":43,"column":2},"end":{"line":43,"column":74}},{"start":{},"end":{}}]},"14":{"loc":{"start":{"line":46,"column":2},"end":{"line":87,"column":3}},"type":"if","locations":[{"start":{"line":46,"column":2},"end":{"line":87,"column":3}},{"start":{},"end":{}}]},"15":{"loc":{"start":{"line":46,"column":6},"end":{"line":46,"column":53}},"type":"binary-expr","locations":[{"start":{"line":46,"column":6},"end":{"line":46,"column":22}},{"start":{"line":46,"column":26},"end":{"line":46,"column":53}}]},"16":{"loc":{"start":{"line":48,"column":6},"end":{"line":50,"column":7}},"type":"if","locations":[{"start":{"line":48,"column":6},"end":{"line":50,"column":7}},{"start":{},"end":{}}]},"17":{"loc":{"start":{"line":51,"column":6},"end":{"line":53,"column":7}},"type":"if","locations":[{"start":{"line":51,"column":6},"end":{"line":53,"column":7}},{"start":{},"end":{}}]},"18":{"loc":{"start":{"line":56,"column":23},"end":{"line":56,"column":39}},"type":"cond-expr","locations":[{"start":{"line":56,"column":34},"end":{"line":56,"column":38}},{"start":{"line":56,"column":38},"end":{"line":56,"column":39}}]},"19":{"loc":{"start":{"line":56,"column":23},"end":{"line":56,"column":38}},"type":"binary-expr","locations":[{"start":{"line":56,"column":23},"end":{"line":56,"column":38}},{"start":{"line":56,"column":34},"end":{"line":56,"column":38}}]},"20":{"loc":{"start":{"line":57,"column":4},"end":{"line":86,"column":5}},"type":"if","locations":[{"start":{"line":57,"column":4},"end":{"line":86,"column":5}},{"start":{},"end":{}}]},"21":{"loc":{"start":{"line":60,"column":6},"end":{"line":73,"column":7}},"type":"if","locations":[{"start":{"line":60,"column":6},"end":{"line":73,"column":7}},{"start":{},"end":{}}]},"22":{"loc":{"start":{"line":62,"column":8},"end":{"line":72,"column":9}},"type":"if","locations":[{"start":{"line":62,"column":8},"end":{"line":72,"column":9}},{"start":{},"end":{}}]},"23":{"loc":{"start":{"line":68,"column":14},"end":{"line":70,"column":122}},"type":"cond-expr","locations":[{"start":{"line":69,"column":18},"end":{"line":69,"column":121}},{"start":{"line":70,"column":18},"end":{"line":70,"column":122}}]},"24":{"loc":{"start":{"line":77,"column":6},"end":{"line":85,"column":7}},"type":"if","locations":[{"start":{"line":77,"column":6},"end":{"line":85,"column":7}},{"start":{},"end":{}}]},"25":{"loc":{"start":{"line":79,"column":8},"end":{"line":84,"column":9}},"type":"if","locations":[{"start":{"line":79,"column":8},"end":{"line":84,"column":9}},{"start":{},"end":{}}]}},"s":{"0":2,"1":2,"2":2,"3":2,"4":2,"5":15,"6":5,"7":10,"8":1,"9":9,"10":14,"11":10,"12":4,"13":1,"14":3,"15":1,"16":2,"17":17,"18":17,"19":10,"20":7,"21":1,"22":6,"23":13,"24":4,"25":9,"26":10,"27":10,"28":10,"29":0,"30":10,"31":10,"32":0,"33":10,"34":10,"35":0,"36":10,"37":10,"38":2,"39":10,"40":7,"41":9,"42":1,"43":9,"44":1,"45":7,"46":7,"47":7,"48":9,"49":7,"50":5,"51":6,"52":5,"53":3,"54":3,"55":3,"56":7,"57":9,"58":7,"59":2,"60":3,"61":2,"62":1,"63":10},"f":{"0":15,"1":14,"2":17,"3":13,"4":10,"5":9,"6":9,"7":6,"8":9,"9":3},"b":{"0":[5,10],"1":[15,13,12],"2":[1,9],"3":[10,4],"4":[1,3],"5":[1,2],"6":[10,7],"7":[1,6],"8":[4,9],"9":[13,9],"10":[0,10],"11":[0,10],"12":[0,10],"13":[2,8],"14":[7,3],"15":[10,7],"16":[1,8],"17":[1,8],"18":[7,0],"19":[7,7],"20":[7,0],"21":[5,2],"22":[3,2],"23":[3,0],"24":[2,5],"25":[1,1]}}
,"/home/Joaquin/Documentos/Visual_Studios_Code/LPC/eatryp/src/grupos/controllers/grupos.controller.ts": {"path":"/home/Joaquin/Documentos/Visual_Studios_Code/LPC/eatryp/src/grupos/controllers/grupos.controller.ts","statementMap":{"0":{"start":{"line":24,"column":0},"end":{"line":24,"column":7}},"1":{"start":{"line":50,"column":0},"end":{"line":50,"column":7}},"2":{"start":{"line":64,"column":0},"end":{"line":64,"column":7}},"3":{"start":{"line":1,"column":0},"end":{"line":1,"column":56}},"4":{"start":{"line":2,"column":0},"end":{"line":2,"column":113}},"5":{"start":{"line":3,"column":0},"end":{"line":3,"column":68}},"6":{"start":{"line":4,"column":0},"end":{"line":4,"column":59}},"7":{"start":{"line":5,"column":0},"end":{"line":5,"column":66}},"8":{"start":{"line":6,"column":0},"end":{"line":6,"column":76}},"9":{"start":{"line":9,"column":21},"end":{"line":9,"column":53}},"10":{"start":{"line":10,"column":2},"end":{"line":10,"column":54}},"11":{"start":{"line":10,"column":42},"end":{"line":10,"column":54}},"12":{"start":{"line":11,"column":2},"end":{"line":11,"column":34}},"13":{"start":{"line":15,"column":16},"end":{"line":15,"column":33}},"14":{"start":{"line":16,"column":2},"end":{"line":16,"column":111}},"15":{"start":{"line":16,"column":14},"end":{"line":16,"column":111}},"16":{"start":{"line":17,"column":2},"end":{"line":21,"column":3}},"17":{"start":{"line":18,"column":4},"end":{"line":18,"column":52}},"18":{"start":{"line":20,"column":4},"end":{"line":20,"column":113}},"19":{"start":{"line":25,"column":2},"end":{"line":47,"column":3}},"20":{"start":{"line":26,"column":31},"end":{"line":26,"column":50}},"21":{"start":{"line":27,"column":4},"end":{"line":27,"column":28}},"22":{"start":{"line":27,"column":15},"end":{"line":27,"column":28}},"23":{"start":{"line":29,"column":19},"end":{"line":29,"column":35}},"24":{"start":{"line":30,"column":24},"end":{"line":30,"column":71}},"25":{"start":{"line":31,"column":20},"end":{"line":31,"column":56}},"26":{"start":{"line":33,"column":4},"end":{"line":35,"column":5}},"27":{"start":{"line":34,"column":6},"end":{"line":34,"column":103}},"28":{"start":{"line":37,"column":17},"end":{"line":37,"column":36}},"29":{"start":{"line":38,"column":18},"end":{"line":38,"column":135}},"30":{"start":{"line":40,"column":4},"end":{"line":40,"column":129}},"31":{"start":{"line":42,"column":28},"end":{"line":42,"column":100}},"32":{"start":{"line":43,"column":4},"end":{"line":46,"column":48}},"33":{"start":{"line":51,"column":2},"end":{"line":61,"column":3}},"34":{"start":{"line":52,"column":31},"end":{"line":52,"column":50}},"35":{"start":{"line":53,"column":4},"end":{"line":53,"column":28}},"36":{"start":{"line":53,"column":15},"end":{"line":53,"column":28}},"37":{"start":{"line":55,"column":33},"end":{"line":55,"column":52}},"38":{"start":{"line":56,"column":19},"end":{"line":56,"column":86}},"39":{"start":{"line":58,"column":4},"end":{"line":58,"column":82}},"40":{"start":{"line":60,"column":4},"end":{"line":60,"column":117}},"41":{"start":{"line":65,"column":2},"end":{"line":77,"column":3}},"42":{"start":{"line":66,"column":22},"end":{"line":66,"column":41}},"43":{"start":{"line":67,"column":4},"end":{"line":67,"column":28}},"44":{"start":{"line":67,"column":15},"end":{"line":67,"column":28}},"45":{"start":{"line":69,"column":26},"end":{"line":69,"column":45}},"46":{"start":{"line":70,"column":18},"end":{"line":70,"column":65}},"47":{"start":{"line":72,"column":4},"end":{"line":72,"column":81}},"48":{"start":{"line":74,"column":4},"end":{"line":76,"column":72}}},"fnMap":{"0":{"name":"extraerToken","decl":{"start":{"line":8,"column":9},"end":{"line":8,"column":21}},"loc":{"start":{"line":8,"column":38},"end":{"line":12,"column":1}}},"1":{"name":"extraerPayload","decl":{"start":{"line":14,"column":9},"end":{"line":14,"column":23}},"loc":{"start":{"line":14,"column":40},"end":{"line":22,"column":1}}},"2":{"name":"controladorCrearGrupo","decl":{"start":{"line":24,"column":22},"end":{"line":24,"column":43}},"loc":{"start":{"line":24,"column":60},"end":{"line":48,"column":1}}},"3":{"name":"controladorObtenerGrupos","decl":{"start":{"line":50,"column":22},"end":{"line":50,"column":46}},"loc":{"start":{"line":50,"column":63},"end":{"line":62,"column":1}}},"4":{"name":"controladorObtenerDetalleGrupo","decl":{"start":{"line":64,"column":22},"end":{"line":64,"column":52}},"loc":{"start":{"line":64,"column":93},"end":{"line":78,"column":1}}}},"branchMap":{"0":{"loc":{"start":{"line":10,"column":2},"end":{"line":10,"column":54}},"type":"if","locations":[{"start":{"line":10,"column":2},"end":{"line":10,"column":54}},{"start":{},"end":{}}]},"1":{"loc":{"start":{"line":10,"column":7},"end":{"line":10,"column":40}},"type":"cond-expr","locations":[{"start":{"line":10,"column":17},"end":{"line":10,"column":19}},{"start":{"line":10,"column":7},"end":{"line":10,"column":40}}]},"2":{"loc":{"start":{"line":10,"column":7},"end":{"line":10,"column":19}},"type":"binary-expr","locations":[{"start":{"line":10,"column":7},"end":{"line":10,"column":19}},{"start":{"line":10,"column":7},"end":{"line":10,"column":19}}]},"3":{"loc":{"start":{"line":16,"column":2},"end":{"line":16,"column":111}},"type":"if","locations":[{"start":{"line":16,"column":2},"end":{"line":16,"column":111}},{"start":{},"end":{}}]},"4":{"loc":{"start":{"line":27,"column":4},"end":{"line":27,"column":28}},"type":"if","locations":[{"start":{"line":27,"column":4},"end":{"line":27,"column":28}},{"start":{},"end":{}}]},"5":{"loc":{"start":{"line":33,"column":4},"end":{"line":35,"column":5}},"type":"if","locations":[{"start":{"line":33,"column":4},"end":{"line":35,"column":5}},{"start":{},"end":{}}]},"6":{"loc":{"start":{"line":42,"column":28},"end":{"line":42,"column":100}},"type":"binary-expr","locations":[{"start":{"line":42,"column":28},"end":{"line":42,"column":62}},{"start":{"line":42,"column":66},"end":{"line":42,"column":100}}]},"7":{"loc":{"start":{"line":45,"column":15},"end":{"line":45,"column":113}},"type":"cond-expr","locations":[{"start":{"line":45,"column":33},"end":{"line":45,"column":60}},{"start":{"line":45,"column":63},"end":{"line":45,"column":113}}]},"8":{"loc":{"start":{"line":45,"column":63},"end":{"line":45,"column":113}},"type":"binary-expr","locations":[{"start":{"line":45,"column":63},"end":{"line":45,"column":76}},{"start":{"line":45,"column":80},"end":{"line":45,"column":113}}]},"9":{"loc":{"start":{"line":46,"column":17},"end":{"line":46,"column":44}},"type":"cond-expr","locations":[{"start":{"line":46,"column":35},"end":{"line":46,"column":38}},{"start":{"line":46,"column":41},"end":{"line":46,"column":44}}]},"10":{"loc":{"start":{"line":53,"column":4},"end":{"line":53,"column":28}},"type":"if","locations":[{"start":{"line":53,"column":4},"end":{"line":53,"column":28}},{"start":{},"end":{}}]},"11":{"loc":{"start":{"line":60,"column":54},"end":{"line":60,"column":96}},"type":"binary-expr","locations":[{"start":{"line":60,"column":54},"end":{"line":60,"column":67}},{"start":{"line":60,"column":71},"end":{"line":60,"column":96}}]},"12":{"loc":{"start":{"line":67,"column":4},"end":{"line":67,"column":28}},"type":"if","locations":[{"start":{"line":67,"column":4},"end":{"line":67,"column":28}},{"start":{},"end":{}}]},"13":{"loc":{"start":{"line":75,"column":29},"end":{"line":75,"column":82}},"type":"binary-expr","locations":[{"start":{"line":75,"column":29},"end":{"line":75,"column":42}},{"start":{"line":75,"column":46},"end":{"line":75,"column":82}}]},"14":{"loc":{"start":{"line":76,"column":17},"end":{"line":76,"column":68}},"type":"cond-expr","locations":[{"start":{"line":76,"column":59},"end":{"line":76,"column":62}},{"start":{"line":76,"column":65},"end":{"line":76,"column":68}}]}},"s":{"0":1,"1":1,"2":1,"3":1,"4":1,"5":1,"6":1,"7":1,"8":1,"9":6,"10":6,"11":1,"12":5,"13":6,"14":6,"15":1,"16":5,"17":5,"18":0,"19":3,"20":3,"21":3,"22":1,"23":2,"24":2,"25":2,"26":2,"27":1,"28":1,"29":1,"30":1,"31":0,"32":0,"33":1,"34":1,"35":1,"36":0,"37":1,"38":1,"39":1,"40":0,"41":2,"42":2,"43":2,"44":0,"45":2,"46":2,"47":1,"48":1},"f":{"0":6,"1":6,"2":3,"3":1,"4":2},"b":{"0":[1,5],"1":[1,5],"2":[6,5],"3":[1,5],"4":[1,2],"5":[1,1],"6":[0,0],"7":[0,0],"8":[0,0],"9":[0,0],"10":[0,1],"11":[0,0],"12":[0,2],"13":[1,0],"14":[1,0]}}
,"/home/Joaquin/Documentos/Visual_Studios_Code/LPC/eatryp/src/grupos/services/grupos.service.ts": {"path":"/home/Joaquin/Documentos/Visual_Studios_Code/LPC/eatryp/src/grupos/services/grupos.service.ts","statementMap":{"0":{"start":{"line":7,"column":0},"end":{"line":7,"column":7}},"1":{"start":{"line":45,"column":0},"end":{"line":45,"column":7}},"2":{"start":{"line":63,"column":0},"end":{"line":63,"column":7}},"3":{"start":{"line":14,"column":2},"end":{"line":42,"column":5}},"4":{"start":{"line":15,"column":30},"end":{"line":15,"column":89}},"5":{"start":{"line":16,"column":4},"end":{"line":18,"column":5}},"6":{"start":{"line":17,"column":6},"end":{"line":17,"column":93}},"7":{"start":{"line":20,"column":23},"end":{"line":28,"column":null}},"8":{"start":{"line":31,"column":32},"end":{"line":31,"column":89}},"9":{"start":{"line":31,"column":64},"end":{"line":31,"column":88}},"10":{"start":{"line":33,"column":4},"end":{"line":39,"column":6}},"11":{"start":{"line":36,"column":46},"end":{"line":36,"column":108}},"12":{"start":{"line":41,"column":4},"end":{"line":41,"column":22}},"13":{"start":{"line":49,"column":21},"end":{"line":49,"column":66}},"14":{"start":{"line":51,"column":2},"end":{"line":60,"column":6}},"15":{"start":{"line":51,"column":32},"end":{"line":60,"column":4}},"16":{"start":{"line":64,"column":16},"end":{"line":64,"column":55}},"17":{"start":{"line":65,"column":2},"end":{"line":65,"column":53}},"18":{"start":{"line":65,"column":14},"end":{"line":65,"column":53}},"19":{"start":{"line":66,"column":2},"end":{"line":66,"column":15}}},"fnMap":{"0":{"name":"crearGrupoViaje","decl":{"start":{"line":7,"column":22},"end":{"line":7,"column":37}},"loc":{"start":{"line":12,"column":22},"end":{"line":43,"column":1}}},"1":{"name":"(anonymous_1)","decl":{"start":{"line":14,"column":30},"end":{"line":14,"column":35}},"loc":{"start":{"line":14,"column":43},"end":{"line":42,"column":3}}},"2":{"name":"(anonymous_2)","decl":{"start":{"line":31,"column":57},"end":{"line":31,"column":58}},"loc":{"start":{"line":31,"column":64},"end":{"line":31,"column":88}}},"3":{"name":"(anonymous_3)","decl":{"start":{"line":36,"column":35},"end":{"line":36,"column":36}},"loc":{"start":{"line":36,"column":46},"end":{"line":36,"column":108}}},"4":{"name":"obtenerGruposDelUsuario","decl":{"start":{"line":45,"column":22},"end":{"line":45,"column":45}},"loc":{"start":{"line":47,"column":38},"end":{"line":61,"column":1}}},"5":{"name":"(anonymous_5)","decl":{"start":{"line":51,"column":24},"end":{"line":51,"column":25}},"loc":{"start":{"line":51,"column":32},"end":{"line":60,"column":4}}},"6":{"name":"obtenerDetalleGrupo","decl":{"start":{"line":63,"column":22},"end":{"line":63,"column":41}},"loc":{"start":{"line":63,"column":86},"end":{"line":67,"column":1}}}},"branchMap":{"0":{"loc":{"start":{"line":16,"column":4},"end":{"line":18,"column":5}},"type":"if","locations":[{"start":{"line":16,"column":4},"end":{"line":18,"column":5}},{"start":{},"end":{}}]},"1":{"loc":{"start":{"line":26,"column":20},"end":{"line":26,"column":45}},"type":"binary-expr","locations":[{"start":{"line":26,"column":20},"end":{"line":26,"column":36}},{"start":{"line":26,"column":40},"end":{"line":26,"column":45}}]},"2":{"loc":{"start":{"line":65,"column":2},"end":{"line":65,"column":53}},"type":"if","locations":[{"start":{"line":65,"column":2},"end":{"line":65,"column":53}},{"start":{},"end":{}}]}},"s":{"0":2,"1":2,"2":2,"3":3,"4":3,"5":3,"6":1,"7":2,"8":2,"9":2,"10":2,"11":2,"12":2,"13":2,"14":2,"15":2,"16":4,"17":4,"18":2,"19":2},"f":{"0":3,"1":3,"2":2,"3":2,"4":2,"5":2,"6":4},"b":{"0":[1,2],"1":[2,2],"2":[2,2]}}
,"/home/Joaquin/Documentos/Visual_Studios_Code/LPC/eatryp/src/grupos/validaciones/grupos.ts": {"path":"/home/Joaquin/Documentos/Visual_Studios_Code/LPC/eatryp/src/grupos/validaciones/grupos.ts","statementMap":{"0":{"start":{"line":3,"column":0},"end":{"line":3,"column":16}},"1":{"start":{"line":4,"column":32},"end":{"line":4,"column":34}},"2":{"start":{"line":6,"column":2},"end":{"line":6,"column":110}},"3":{"start":{"line":6,"column":29},"end":{"line":6,"column":110}},"4":{"start":{"line":7,"column":2},"end":{"line":7,"column":94}},"5":{"start":{"line":7,"column":27},"end":{"line":7,"column":94}},"6":{"start":{"line":8,"column":2},"end":{"line":8,"column":111}},"7":{"start":{"line":8,"column":26},"end":{"line":8,"column":111}},"8":{"start":{"line":9,"column":2},"end":{"line":9,"column":102}},"9":{"start":{"line":9,"column":23},"end":{"line":9,"column":102}},"10":{"start":{"line":10,"column":2},"end":{"line":10,"column":114}},"11":{"start":{"line":10,"column":32},"end":{"line":10,"column":114}},"12":{"start":{"line":13,"column":2},"end":{"line":17,"column":3}},"13":{"start":{"line":14,"column":4},"end":{"line":14,"column":110}},"14":{"start":{"line":15,"column":9},"end":{"line":17,"column":3}},"15":{"start":{"line":16,"column":4},"end":{"line":16,"column":107}},"16":{"start":{"line":19,"column":2},"end":{"line":25,"column":3}},"17":{"start":{"line":20,"column":19},"end":{"line":20,"column":46}},"18":{"start":{"line":21,"column":16},"end":{"line":21,"column":40}},"19":{"start":{"line":22,"column":4},"end":{"line":24,"column":5}},"20":{"start":{"line":23,"column":6},"end":{"line":23,"column":107}},"21":{"start":{"line":27,"column":2},"end":{"line":27,"column":17}}},"fnMap":{"0":{"name":"validarCreacionGrupo","decl":{"start":{"line":3,"column":16},"end":{"line":3,"column":36}},"loc":{"start":{"line":3,"column":62},"end":{"line":28,"column":1}}}},"branchMap":{"0":{"loc":{"start":{"line":6,"column":2},"end":{"line":6,"column":110}},"type":"if","locations":[{"start":{"line":6,"column":2},"end":{"line":6,"column":110}},{"start":{},"end":{}}]},"1":{"loc":{"start":{"line":6,"column":7},"end":{"line":6,"column":27}},"type":"cond-expr","locations":[{"start":{"line":6,"column":19},"end":{"line":6,"column":21}},{"start":{"line":6,"column":19},"end":{"line":6,"column":27}}]},"2":{"loc":{"start":{"line":6,"column":7},"end":{"line":6,"column":21}},"type":"binary-expr","locations":[{"start":{"line":6,"column":7},"end":{"line":6,"column":21}},{"start":{"line":6,"column":19},"end":{"line":6,"column":21}}]},"3":{"loc":{"start":{"line":7,"column":2},"end":{"line":7,"column":94}},"type":"if","locations":[{"start":{"line":7,"column":2},"end":{"line":7,"column":94}},{"start":{},"end":{}}]},"4":{"loc":{"start":{"line":7,"column":7},"end":{"line":7,"column":25}},"type":"cond-expr","locations":[{"start":{"line":7,"column":17},"end":{"line":7,"column":19}},{"start":{"line":7,"column":17},"end":{"line":7,"column":25}}]},"5":{"loc":{"start":{"line":7,"column":7},"end":{"line":7,"column":19}},"type":"binary-expr","locations":[{"start":{"line":7,"column":7},"end":{"line":7,"column":19}},{"start":{"line":7,"column":17},"end":{"line":7,"column":19}}]},"6":{"loc":{"start":{"line":8,"column":2},"end":{"line":8,"column":111}},"type":"if","locations":[{"start":{"line":8,"column":2},"end":{"line":8,"column":111}},{"start":{},"end":{}}]},"7":{"loc":{"start":{"line":9,"column":2},"end":{"line":9,"column":102}},"type":"if","locations":[{"start":{"line":9,"column":2},"end":{"line":9,"column":102}},{"start":{},"end":{}}]},"8":{"loc":{"start":{"line":10,"column":2},"end":{"line":10,"column":114}},"type":"if","locations":[{"start":{"line":10,"column":2},"end":{"line":10,"column":114}},{"start":{},"end":{}}]},"9":{"loc":{"start":{"line":10,"column":7},"end":{"line":10,"column":30}},"type":"cond-expr","locations":[{"start":{"line":10,"column":22},"end":{"line":10,"column":24}},{"start":{"line":10,"column":22},"end":{"line":10,"column":30}}]},"10":{"loc":{"start":{"line":10,"column":7},"end":{"line":10,"column":24}},"type":"binary-expr","locations":[{"start":{"line":10,"column":7},"end":{"line":10,"column":24}},{"start":{"line":10,"column":22},"end":{"line":10,"column":24}}]},"11":{"loc":{"start":{"line":13,"column":2},"end":{"line":17,"column":3}},"type":"if","locations":[{"start":{"line":13,"column":2},"end":{"line":17,"column":3}},{"start":{"line":15,"column":9},"end":{"line":17,"column":3}}]},"12":{"loc":{"start":{"line":13,"column":6},"end":{"line":13,"column":70}},"type":"binary-expr","locations":[{"start":{"line":13,"column":6},"end":{"line":13,"column":31}},{"start":{"line":13,"column":35},"end":{"line":13,"column":70}}]},"13":{"loc":{"start":{"line":15,"column":9},"end":{"line":17,"column":3}},"type":"if","locations":[{"start":{"line":15,"column":9},"end":{"line":17,"column":3}},{"start":{},"end":{}}]},"14":{"loc":{"start":{"line":19,"column":2},"end":{"line":25,"column":3}},"type":"if","locations":[{"start":{"line":19,"column":2},"end":{"line":25,"column":3}},{"start":{},"end":{}}]},"15":{"loc":{"start":{"line":19,"column":6},"end":{"line":19,"column":41}},"type":"binary-expr","locations":[{"start":{"line":19,"column":6},"end":{"line":19,"column":23}},{"start":{"line":19,"column":27},"end":{"line":19,"column":41}}]},"16":{"loc":{"start":{"line":22,"column":4},"end":{"line":24,"column":5}},"type":"if","locations":[{"start":{"line":22,"column":4},"end":{"line":24,"column":5}},{"start":{},"end":{}}]}},"s":{"0":2,"1":11,"2":11,"3":2,"4":11,"5":2,"6":11,"7":2,"8":11,"9":2,"10":11,"11":1,"12":11,"13":2,"14":9,"15":1,"16":11,"17":8,"18":8,"19":8,"20":1,"21":11},"f":{"0":11},"b":{"0":[2,9],"1":[0,11],"2":[11,11],"3":[2,9],"4":[1,10],"5":[11,11],"6":[2,9],"7":[2,9],"8":[1,10],"9":[0,11],"10":[11,11],"11":[2,9],"12":[11,11],"13":[1,8],"14":[8,3],"15":[11,9],"16":[1,7]}}
}
