TN:
SF:__test__/E2E/helpers.ts
FN:1,crearMockNextRequest
FN:13,(anonymous_1)
FN:28,(anonymous_2)
FN:33,(anonymous_3)
FN:39,analizarRespuesta
FN:42,(anonymous_5)
FNF:6
FNH:4
FNDA:28,crearMockNextRequest
FNDA:3,(anonymous_1)
FNDA:13,(anonymous_2)
FNDA:5,(anonymous_3)
FNDA:0,analizarRespuesta
FNDA:0,(anonymous_5)
DA:1,4
DA:9,28
DA:10,28
DA:12,28
DA:13,28
DA:17,28
DA:26,28
DA:27,13
DA:28,13
DA:29,13
DA:30,0
DA:33,15
DA:36,28
DA:39,4
DA:40,0
DA:43,0
DA:44,0
DA:45,0
DA:47,0
LF:19
LH:13
BRDA:9,0,0,28
BRDA:9,0,1,0
BRDA:12,1,0,28
BRDA:12,1,1,15
BRDA:14,2,0,3
BRDA:14,2,1,1
BRDA:14,3,0,1
BRDA:14,3,1,2
BRDA:14,4,0,3
BRDA:14,4,1,3
BRDA:23,5,0,28
BRDA:23,5,1,12
BRDA:26,6,0,13
BRDA:26,6,1,15
BRDA:29,7,0,13
BRDA:29,7,1,0
BRDA:41,8,0,0
BRDA:41,8,1,0
BRDA:44,9,0,0
BRDA:44,9,1,0
BRDA:44,10,0,0
BRDA:44,10,1,0
BRDA:45,11,0,0
BRDA:45,11,1,0
BRDA:50,12,0,0
BRDA:50,12,1,0
BRDA:51,13,0,0
BRDA:51,13,1,0
BRDA:52,14,0,0
BRDA:52,14,1,0
BRF:30
BRH:14
end_of_record
TN:
SF:src/auth/controllers/login.controller.ts
FN:6,controladorLogin
FNF:1
FNH:1
FNDA:3,controladorLogin
DA:1,1
DA:2,1
DA:3,1
DA:4,1
DA:6,1
DA:7,3
DA:8,3
DA:9,3
DA:11,3
DA:12,1
DA:15,2
DA:16,2
DA:18,1
DA:23,1
DA:28,1
DA:30,1
LF:16
LH:16
BRDA:11,0,0,1
BRDA:11,0,1,2
BRDA:30,1,0,1
BRDA:30,1,1,0
BRF:4
BRH:3
end_of_record
TN:
SF:src/auth/controllers/logout.controller.ts
FN:5,controladorLogout
FNF:1
FNH:1
FNDA:1,controladorLogout
DA:1,1
DA:2,1
DA:3,1
DA:5,1
DA:6,1
DA:7,1
DA:8,1
DA:9,1
DA:10,1
DA:13,1
DA:14,1
DA:16,1
DA:18,0
LF:13
LH:12
BRDA:7,0,0,0
BRDA:7,0,1,1
BRDA:7,1,0,1
BRDA:7,1,1,1
BRDA:8,2,0,1
BRDA:8,2,1,0
BRF:6
BRH:4
end_of_record
TN:
SF:src/auth/controllers/nueva-contrasena.controller.ts
FN:6,controladorNuevaContrasena
FNF:1
FNH:1
FNDA:1,controladorNuevaContrasena
DA:1,1
DA:2,1
DA:3,1
DA:4,1
DA:6,1
DA:7,1
DA:8,1
DA:10,1
DA:11,1
DA:14,0
DA:15,0
DA:16,0
DA:19,0
DA:20,0
DA:22,0
DA:24,0
LF:16
LH:9
BRDA:10,0,0,1
BRDA:10,0,1,0
BRDA:15,1,0,0
BRDA:15,1,1,0
BRDA:24,2,0,0
BRDA:24,2,1,0
BRF:6
BRH:1
end_of_record
TN:
SF:src/auth/controllers/recuperar.controller.ts
FN:6,controladorRecuperarContrasena
FNF:1
FNH:1
FNDA:1,controladorRecuperarContrasena
DA:1,1
DA:2,1
DA:3,1
DA:4,1
DA:6,1
DA:7,1
DA:8,1
DA:9,1
DA:11,1
DA:12,0
DA:15,1
DA:16,1
DA:18,1
DA:23,0
LF:14
LH:12
BRDA:11,0,0,0
BRDA:11,0,1,1
BRF:2
BRH:1
end_of_record
TN:
SF:src/auth/controllers/refresh.controller.ts
FN:5,controladorRefresh
FNF:1
FNH:1
FNDA:2,controladorRefresh
DA:1,1
DA:2,1
DA:3,1
DA:5,1
DA:6,2
DA:7,2
DA:9,2
DA:10,1
DA:13,1
DA:14,1
DA:16,1
DA:18,1
DA:23,1
DA:25,0
LF:14
LH:13
BRDA:7,0,0,0
BRDA:7,0,1,2
BRDA:7,1,0,2
BRDA:7,1,1,2
BRDA:9,2,0,1
BRDA:9,2,1,1
BRF:6
BRH:5
end_of_record
TN:
SF:src/auth/controllers/registro.controller.ts
FN:6,controladorRegistro
FNF:1
FNH:1
FNDA:2,controladorRegistro
DA:1,1
DA:2,1
DA:3,1
DA:4,1
DA:6,1
DA:7,2
DA:8,2
DA:9,2
DA:11,2
DA:12,1
DA:15,1
DA:16,1
DA:18,1
DA:23,1
DA:28,1
DA:30,0
LF:16
LH:15
BRDA:11,0,0,1
BRDA:11,0,1,1
BRDA:30,1,0,0
BRDA:30,1,1,0
BRF:4
BRH:2
end_of_record
TN:
SF:src/auth/controllers/usuarios.controller.ts
FN:5,controladorBuscarUsuario
FNF:1
FNH:1
FNDA:2,controladorBuscarUsuario
DA:1,1
DA:2,1
DA:3,1
DA:5,1
DA:6,2
DA:7,2
DA:8,2
DA:9,1
DA:12,1
DA:13,1
DA:15,1
DA:16,1
DA:18,1
DA:19,0
DA:22,1
DA:23,1
DA:25,1
DA:26,0
DA:29,1
DA:34,0
DA:35,0
LF:21
LH:17
BRDA:8,0,0,1
BRDA:8,0,1,1
BRDA:8,1,0,1
BRDA:8,1,1,1
BRDA:8,2,0,2
BRDA:8,2,1,1
BRDA:18,3,0,0
BRDA:18,3,1,1
BRDA:25,4,0,0
BRDA:25,4,1,1
BRDA:34,5,0,0
BRDA:34,5,1,0
BRDA:37,6,0,0
BRDA:37,6,1,0
BRDA:38,7,0,0
BRDA:38,7,1,0
BRF:16
BRH:8
end_of_record
TN:
SF:src/auth/services/contraseña.ts
FN:9,hashearContrasena
FN:13,verificarContrasena
FNF:2
FNH:2
FNDA:8,hashearContrasena
FNDA:5,verificarContrasena
DA:5,5
DA:7,5
DA:9,5
DA:10,8
DA:13,5
DA:17,5
LF:6
LH:6
BRF:0
BRH:0
end_of_record
TN:
SF:src/auth/services/google.service.ts
FN:14,procesarLoginGoogle
FNF:1
FNH:1
FNDA:3,procesarLoginGoogle
DA:1,1
DA:5,1
DA:14,1
DA:19,3
DA:21,3
DA:22,2
DA:25,3
DA:26,1
DA:36,3
DA:38,3
DA:39,3
DA:41,3
DA:47,3
LF:13
LH:13
BRDA:21,0,0,2
BRDA:21,0,1,1
BRDA:25,1,0,1
BRDA:25,1,1,2
BRF:4
BRH:4
end_of_record
TN:
SF:src/auth/services/jwt.ts
FN:27,generarTokens
FN:33,verificarAccessToken
FN:37,verificarRefreshToken
FNF:3
FNH:3
FNDA:19,generarTokens
FNDA:15,verificarAccessToken
FNDA:6,verificarRefreshToken
DA:6,9
DA:8,9
DA:9,9
DA:11,9
DA:12,0
DA:27,9
DA:28,19
DA:29,19
DA:30,19
DA:33,9
DA:34,15
DA:37,9
DA:38,6
LF:13
LH:12
BRDA:11,0,0,0
BRDA:11,0,1,9
BRDA:11,1,0,9
BRDA:11,1,1,9
BRF:4
BRH:3
end_of_record
TN:
SF:src/auth/services/login.service.ts
FN:8,procesarLogin
FNF:1
FNH:1
FNDA:6,procesarLogin
DA:1,2
DA:2,2
DA:6,2
DA:8,2
DA:14,6
DA:16,6
DA:17,3
DA:20,3
DA:21,3
DA:22,1
DA:25,2
DA:27,2
DA:28,2
DA:30,2
DA:32,2
LF:15
LH:15
BRDA:16,0,0,3
BRDA:16,0,1,3
BRDA:16,1,0,6
BRDA:16,1,1,4
BRDA:21,2,0,1
BRDA:21,2,1,2
BRF:6
BRH:6
end_of_record
TN:
SF:src/auth/services/logout.service.ts
FN:3,terminarSesion
FNF:1
FNH:1
FNDA:2,terminarSesion
DA:3,2
DA:4,2
LF:2
LH:2
BRF:0
BRH:0
end_of_record
TN:
SF:src/auth/services/nueva-contrasena.service.ts
FN:6,cambiarContrasenaConToken
FNF:1
FNH:1
FNDA:2,cambiarContrasenaConToken
DA:1,2
DA:6,2
DA:13,2
DA:14,2
DA:16,1
DA:18,1
DA:19,1
DA:20,1
LF:8
LH:8
BRDA:14,0,0,1
BRDA:14,0,1,1
BRF:2
BRH:2
end_of_record
TN:
SF:src/auth/services/recuperar.service.ts
FN:5,iniciarRecuperacion
FNF:1
FNH:1
FNDA:3,iniciarRecuperacion
DA:1,2
DA:5,2
DA:10,3
DA:11,3
DA:13,2
DA:15,2
DA:16,2
DA:18,2
DA:20,2
DA:21,0
LF:10
LH:9
BRDA:11,0,0,1
BRDA:11,0,1,2
BRDA:20,1,0,0
BRDA:20,1,1,2
BRF:4
BRH:3
end_of_record
TN:
SF:src/auth/services/refresh.service.ts
FN:4,refrescarToken
FNF:1
FNH:1
FNDA:4,refrescarToken
DA:1,2
DA:4,2
DA:5,4
DA:7,3
DA:8,3
DA:10,2
DA:11,2
DA:13,2
LF:8
LH:8
BRDA:8,0,0,1
BRDA:8,0,1,2
BRF:2
BRH:2
end_of_record
TN:
SF:src/auth/services/registro.service.ts
FN:8,crearNuevoUsuario
FNF:1
FNH:1
FNDA:3,crearNuevoUsuario
DA:1,2
DA:2,2
DA:6,2
DA:8,2
DA:13,3
DA:14,3
DA:16,2
DA:18,2
DA:22,2
DA:24,2
DA:25,2
DA:27,2
DA:29,2
LF:13
LH:13
BRDA:14,0,0,1
BRDA:14,0,1,2
BRF:2
BRH:2
end_of_record
TN:
SF:src/auth/validaciones/autenticacion.ts
FN:9,validarCorreo
FN:15,validarContrasena
FN:23,validarNombre
FN:29,validarInicioSesion
FN:41,validarRegistro
FN:60,validarRecuperacion
FNF:6
FNH:6
FNDA:15,validarCorreo
FNDA:12,validarContrasena
FNDA:7,validarNombre
FNDA:5,validarInicioSesion
FNDA:4,validarRegistro
FNDA:3,validarRecuperacion
DA:6,2
DA:7,2
DA:9,2
DA:10,15
DA:11,10
DA:12,9
DA:15,2
DA:16,12
DA:17,8
DA:18,1
DA:20,7
DA:23,2
DA:24,7
DA:25,5
DA:26,4
DA:29,2
DA:30,5
DA:32,5
DA:33,5
DA:35,5
DA:36,5
DA:38,5
DA:41,2
DA:42,4
DA:44,4
DA:45,4
DA:47,4
DA:48,4
DA:50,4
DA:51,4
DA:53,4
DA:54,1
DA:57,4
DA:60,2
DA:61,3
DA:63,3
DA:64,3
DA:66,3
LF:38
LH:38
BRDA:10,0,0,5
BRDA:10,0,1,10
BRDA:11,1,0,1
BRDA:11,1,1,9
BRDA:16,2,0,4
BRDA:16,2,1,8
BRDA:17,3,0,1
BRDA:17,3,1,7
BRDA:24,4,0,2
BRDA:24,4,1,5
BRDA:25,5,0,1
BRDA:25,5,1,4
BRDA:33,6,0,2
BRDA:33,6,1,3
BRDA:36,7,0,2
BRDA:36,7,1,3
BRDA:45,8,0,1
BRDA:45,8,1,3
BRDA:48,9,0,1
BRDA:48,9,1,3
BRDA:51,10,0,1
BRDA:51,10,1,3
BRDA:53,11,0,1
BRDA:53,11,1,3
BRDA:64,12,0,1
BRDA:64,12,1,2
BRF:26
BRH:26
end_of_record
TN:
SF:src/deudas/controllers/deudas.controller.ts
FN:6,controladorDeudas
FNF:1
FNH:1
FNDA:4,controladorDeudas
DA:1,1
DA:2,1
DA:3,1
DA:4,1
DA:6,1
DA:7,4
DA:8,4
DA:10,4
DA:11,1
DA:14,3
DA:15,3
DA:16,2
DA:18,2
DA:19,2
DA:21,2
DA:23,1
LF:16
LH:16
BRDA:10,0,0,1
BRDA:10,0,1,3
BRDA:10,1,0,4
BRDA:10,1,1,3
BRDA:16,2,0,2
BRDA:16,2,1,1
BRDA:23,3,0,1
BRDA:23,3,1,0
BRF:8
BRH:7
end_of_record
TN:
SF:src/deudas/services/deudas.service.ts
FN:4,obtenerDeudasPendientes
FNF:1
FNH:1
FNDA:5,obtenerDeudasPendientes
DA:4,2
DA:9,5
DA:11,5
DA:12,5
DA:14,5
DA:15,4
DA:23,4
DA:24,3
DA:26,1
DA:30,5
LF:10
LH:10
BRDA:19,0,0,3
BRDA:19,0,1,1
BRDA:23,1,0,3
BRDA:23,1,1,1
BRF:4
BRH:4
end_of_record
TN:
SF:src/deudas/services/generarDeudas.service.ts
FN:11,redondear
FN:15,generarDeudas
FN:26,(anonymous_2)
FN:27,(anonymous_3)
FN:27,(anonymous_4)
FN:34,(anonymous_5)
FN:35,(anonymous_6)
FNF:7
FNH:7
FNDA:1,redondear
FNDA:3,generarDeudas
FNDA:4,(anonymous_2)
FNDA:5,(anonymous_3)
FNDA:5,(anonymous_4)
FNDA:1,(anonymous_5)
FNDA:2,(anonymous_6)
DA:12,1
DA:15,1
DA:21,3
DA:22,3
DA:24,3
DA:26,4
DA:27,5
DA:29,2
DA:31,1
DA:32,1
DA:34,1
DA:35,2
DA:44,1
LF:13
LH:13
BRDA:24,0,0,1
BRDA:24,0,1,2
BRDA:29,1,0,1
BRDA:29,1,1,1
BRF:4
BRH:4
end_of_record
TN:
SF:src/gastos/controllers/gasto.controller.ts
FN:8,extraerPayload
FN:20,controladorCrearGasto
FN:48,controladorObtenerGastos
FN:62,controladorObtenerOpciones
FNF:4
FNH:4
FNDA:6,extraerPayload
FNDA:3,controladorCrearGasto
FNDA:2,controladorObtenerGastos
FNDA:1,controladorObtenerOpciones
DA:1,1
DA:2,1
DA:3,1
DA:4,1
DA:5,1
DA:6,1
DA:9,6
DA:10,6
DA:11,2
DA:13,4
DA:14,4
DA:16,0
DA:20,1
DA:21,3
DA:22,3
DA:23,3
DA:25,2
DA:26,2
DA:28,2
DA:29,1
DA:32,1
DA:33,1
DA:42,1
DA:44,0
DA:48,1
DA:49,2
DA:50,2
DA:51,2
DA:53,1
DA:54,1
DA:56,1
DA:58,0
DA:62,1
DA:63,1
DA:64,1
DA:65,1
DA:67,1
DA:68,1
DA:70,1
DA:72,0
LF:40
LH:36
BRDA:10,0,0,2
BRDA:10,0,1,4
BRDA:10,1,0,2
BRDA:10,1,1,4
BRDA:10,2,0,6
BRDA:10,2,1,4
BRDA:23,3,0,1
BRDA:23,3,1,2
BRDA:28,4,0,1
BRDA:28,4,1,1
BRDA:34,5,0,1
BRDA:34,5,1,1
BRDA:51,6,0,1
BRDA:51,6,1,1
BRDA:65,7,0,0
BRDA:65,7,1,1
BRF:16
BRH:15
end_of_record
TN:
SF:src/gastos/services/gasto.service.ts
FN:8,registrarGasto
FN:16,(anonymous_1)
FN:35,(anonymous_2)
FN:50,(anonymous_3)
FN:51,(anonymous_4)
FN:51,(anonymous_5)
FN:57,(anonymous_6)
FN:58,(anonymous_7)
FN:76,obtenerGastos
FN:80,obtenerOpcionesFormulario
FN:85,(anonymous_10)
FN:86,(anonymous_11)
FN:88,(anonymous_12)
FNF:13
FNH:13
FNDA:3,registrarGasto
FNDA:3,(anonymous_1)
FNDA:3,(anonymous_2)
FNDA:3,(anonymous_3)
FNDA:5,(anonymous_4)
FNDA:5,(anonymous_5)
FNDA:2,(anonymous_6)
FNDA:3,(anonymous_7)
FNDA:2,obtenerGastos
FNDA:2,obtenerOpcionesFormulario
FNDA:2,(anonymous_10)
FNDA:2,(anonymous_11)
FNDA:4,(anonymous_12)
DA:8,2
DA:16,3
DA:17,3
DA:18,1
DA:21,2
DA:33,2
DA:34,2
DA:35,3
DA:45,2
DA:46,2
DA:47,2
DA:49,2
DA:50,3
DA:51,5
DA:53,2
DA:54,2
DA:55,2
DA:57,2
DA:58,3
DA:67,2
DA:72,2
DA:76,2
DA:77,2
DA:80,2
DA:84,2
DA:85,2
DA:86,2
DA:87,2
DA:88,4
DA:89,2
LF:30
LH:30
BRDA:17,0,0,1
BRDA:17,0,1,2
BRDA:17,1,0,3
BRDA:17,1,1,2
BRDA:25,2,0,2
BRDA:25,2,1,0
BRDA:25,3,0,2
BRDA:25,3,1,2
BRDA:26,4,0,1
BRDA:26,4,1,1
BRDA:26,5,0,2
BRDA:26,5,1,2
BRDA:27,6,0,1
BRDA:27,6,1,1
BRDA:27,7,0,2
BRDA:27,7,1,2
BRDA:28,8,0,0
BRDA:28,8,1,2
BRDA:28,9,0,2
BRDA:28,9,1,2
BRDA:33,10,0,2
BRDA:33,10,1,0
BRDA:33,11,0,2
BRDA:33,11,1,2
BRDA:45,12,0,2
BRDA:45,12,1,0
BRDA:45,13,0,2
BRDA:45,13,1,2
BRDA:49,14,0,2
BRDA:49,14,1,0
BRDA:53,15,0,2
BRDA:53,15,1,0
BRF:32
BRH:26
end_of_record
TN:
SF:src/gastos/validaciones/gasto.ts
FN:5,validarMonto
FN:11,validarDescripcion
FN:18,validarCategoria
FN:25,validarGrupo
FN:30,validarGasto
FN:47,(anonymous_5)
FN:59,(anonymous_6)
FN:61,(anonymous_7)
FN:76,(anonymous_8)
FN:78,(anonymous_9)
FNF:10
FNH:10
FNDA:15,validarMonto
FNDA:14,validarDescripcion
FNDA:17,validarCategoria
FNDA:13,validarGrupo
FNDA:10,validarGasto
FNDA:9,(anonymous_5)
FNDA:9,(anonymous_6)
FNDA:6,(anonymous_7)
FNDA:9,(anonymous_8)
FNDA:3,(anonymous_9)
DA:5,2
DA:6,15
DA:7,10
DA:8,9
DA:11,2
DA:12,14
DA:13,4
DA:14,3
DA:15,2
DA:18,2
DA:19,17
DA:20,17
DA:21,7
DA:22,6
DA:25,2
DA:26,13
DA:27,9
DA:30,2
DA:31,10
DA:33,10
DA:34,10
DA:36,10
DA:37,10
DA:39,10
DA:40,10
DA:42,10
DA:43,10
DA:46,10
DA:47,7
DA:48,9
DA:49,1
DA:51,9
DA:52,1
DA:56,7
DA:57,7
DA:59,9
DA:60,7
DA:61,6
DA:62,5
DA:63,3
DA:64,3
DA:65,3
DA:76,9
DA:77,7
DA:78,3
DA:79,2
DA:80,1
DA:89,10
LF:48
LH:48
BRDA:6,0,0,5
BRDA:6,0,1,10
BRDA:6,1,0,15
BRDA:6,1,1,13
BRDA:6,1,2,12
BRDA:7,2,0,1
BRDA:7,2,1,9
BRDA:12,3,0,10
BRDA:12,3,1,4
BRDA:13,4,0,1
BRDA:13,4,1,3
BRDA:14,5,0,1
BRDA:14,5,1,2
BRDA:20,6,0,10
BRDA:20,6,1,7
BRDA:21,7,0,1
BRDA:21,7,1,6
BRDA:26,8,0,4
BRDA:26,8,1,9
BRDA:26,9,0,13
BRDA:26,9,1,9
BRDA:34,10,0,0
BRDA:34,10,1,10
BRDA:37,11,0,0
BRDA:37,11,1,10
BRDA:40,12,0,0
BRDA:40,12,1,10
BRDA:43,13,0,2
BRDA:43,13,1,8
BRDA:46,14,0,7
BRDA:46,14,1,3
BRDA:46,15,0,10
BRDA:46,15,1,7
BRDA:48,16,0,1
BRDA:48,16,1,8
BRDA:51,17,0,1
BRDA:51,17,1,8
BRDA:56,18,0,7
BRDA:56,18,1,0
BRDA:56,19,0,7
BRDA:56,19,1,7
BRDA:57,20,0,7
BRDA:57,20,1,0
BRDA:60,21,0,5
BRDA:60,21,1,2
BRDA:62,22,0,3
BRDA:62,22,1,2
BRDA:68,23,0,3
BRDA:68,23,1,0
BRDA:77,24,0,2
BRDA:77,24,1,5
BRDA:79,25,0,1
BRDA:79,25,1,1
BRF:53
BRH:47
end_of_record
TN:
SF:src/grupos/controllers/grupos.controller.ts
FN:8,extraerToken
FN:14,extraerPayload
FN:24,controladorCrearGrupo
FN:50,controladorObtenerGrupos
FN:64,controladorObtenerDetalleGrupo
FNF:5
FNH:5
FNDA:6,extraerToken
FNDA:6,extraerPayload
FNDA:3,controladorCrearGrupo
FNDA:1,controladorObtenerGrupos
FNDA:2,controladorObtenerDetalleGrupo
DA:1,1
DA:2,1
DA:3,1
DA:4,1
DA:5,1
DA:6,1
DA:9,6
DA:10,6
DA:11,5
DA:15,6
DA:16,6
DA:17,5
DA:18,5
DA:20,0
DA:24,1
DA:25,3
DA:26,3
DA:27,3
DA:29,2
DA:30,2
DA:31,2
DA:33,2
DA:34,1
DA:37,1
DA:38,1
DA:40,1
DA:42,0
DA:43,0
DA:50,1
DA:51,1
DA:52,1
DA:53,1
DA:55,1
DA:56,1
DA:58,1
DA:60,0
DA:64,1
DA:65,2
DA:66,2
DA:67,2
DA:69,2
DA:70,2
DA:72,1
DA:74,1
LF:44
LH:40
BRDA:10,0,0,1
BRDA:10,0,1,5
BRDA:10,1,0,1
BRDA:10,1,1,5
BRDA:10,2,0,6
BRDA:10,2,1,5
BRDA:16,3,0,1
BRDA:16,3,1,5
BRDA:27,4,0,1
BRDA:27,4,1,2
BRDA:33,5,0,1
BRDA:33,5,1,1
BRDA:42,6,0,0
BRDA:42,6,1,0
BRDA:45,7,0,0
BRDA:45,7,1,0
BRDA:45,8,0,0
BRDA:45,8,1,0
BRDA:46,9,0,0
BRDA:46,9,1,0
BRDA:53,10,0,0
BRDA:53,10,1,1
BRDA:60,11,0,0
BRDA:60,11,1,0
BRDA:67,12,0,0
BRDA:67,12,1,2
BRDA:75,13,0,1
BRDA:75,13,1,0
BRDA:76,14,0,1
BRDA:76,14,1,0
BRF:30
BRH:16
end_of_record
TN:
SF:src/grupos/services/grupos.service.ts
FN:7,crearGrupoViaje
FN:14,(anonymous_1)
FN:31,(anonymous_2)
FN:36,(anonymous_3)
FN:45,obtenerGruposDelUsuario
FN:51,(anonymous_5)
FN:63,obtenerDetalleGrupo
FNF:7
FNH:7
FNDA:3,crearGrupoViaje
FNDA:3,(anonymous_1)
FNDA:2,(anonymous_2)
FNDA:2,(anonymous_3)
FNDA:2,obtenerGruposDelUsuario
FNDA:2,(anonymous_5)
FNDA:4,obtenerDetalleGrupo
DA:7,2
DA:14,3
DA:15,3
DA:16,3
DA:17,1
DA:20,2
DA:31,2
DA:33,2
DA:36,2
DA:41,2
DA:45,2
DA:49,2
DA:51,2
DA:63,2
DA:64,4
DA:65,4
DA:66,2
LF:17
LH:17
BRDA:16,0,0,1
BRDA:16,0,1,2
BRDA:26,1,0,2
BRDA:26,1,1,2
BRDA:65,2,0,2
BRDA:65,2,1,2
BRF:6
BRH:6
end_of_record
TN:
SF:src/grupos/validaciones/grupos.ts
FN:3,validarCreacionGrupo
FNF:1
FNH:1
FNDA:11,validarCreacionGrupo
DA:3,2
DA:4,11
DA:6,11
DA:7,11
DA:8,11
DA:9,11
DA:10,11
DA:13,11
DA:14,2
DA:15,9
DA:16,1
DA:19,11
DA:20,8
DA:21,8
DA:22,8
DA:23,1
DA:27,11
LF:17
LH:17
BRDA:6,0,0,2
BRDA:6,0,1,9
BRDA:6,1,0,0
BRDA:6,1,1,11
BRDA:6,2,0,11
BRDA:6,2,1,11
BRDA:7,3,0,2
BRDA:7,3,1,9
BRDA:7,4,0,1
BRDA:7,4,1,10
BRDA:7,5,0,11
BRDA:7,5,1,11
BRDA:8,6,0,2
BRDA:8,6,1,9
BRDA:9,7,0,2
BRDA:9,7,1,9
BRDA:10,8,0,1
BRDA:10,8,1,10
BRDA:10,9,0,0
BRDA:10,9,1,11
BRDA:10,10,0,11
BRDA:10,10,1,11
BRDA:13,11,0,2
BRDA:13,11,1,9
BRDA:13,12,0,11
BRDA:13,12,1,11
BRDA:15,13,0,1
BRDA:15,13,1,8
BRDA:19,14,0,8
BRDA:19,14,1,3
BRDA:19,15,0,11
BRDA:19,15,1,9
BRDA:22,16,0,1
BRDA:22,16,1,7
BRF:34
BRH:32
end_of_record
